Handling lib "rpc-service-config"...
Handling lib "ca-bundle"...
Handling lib "wifi"...
Handling lib "rpc-service-fs"...
Handling lib "js-demo-bundle"...
Handling lib "mjs"...
Handling lib "rpc-uart"...
Handling lib "dht"...
The --lib flag was not given for it, checking repository
The --lib flag was not given for it, checking repository
The --lib flag was not given for it, checking repository
The --lib flag was not given for it, checking repository
The --lib flag was not given for it, checking repository
The --lib flag was not given for it, checking repository
The --lib flag was not given for it, checking repository
The --lib flag was not given for it, checking repository
Prebuilt binary for "ca-bundle" already exists
Prepared local dir: "/fwbuild-volumes/1.26/apps/gate/esp8266/build_contexts/build_ctx_565771772/libs/ca-bundle"
Prebuilt binary for "js-demo-bundle" already exists
Prepared local dir: "/fwbuild-volumes/1.26/apps/gate/esp8266/build_contexts/build_ctx_565771772/libs/js-demo-bundle"
Handling lib "demo-bundle"...
Lib "mjs" is already handled, skipping
The --lib flag was not given for it, checking repository
Prebuilt binary for "rpc-service-config" already exists
Prepared local dir: "/fwbuild-volumes/1.26/apps/gate/esp8266/build_contexts/build_ctx_565771772/libs/rpc-service-config"
Handling lib "rpc-common"...
The --lib flag was not given for it, checking repository
Prebuilt binary for "dht" already exists
Prepared local dir: "/fwbuild-volumes/1.26/apps/gate/esp8266/build_contexts/build_ctx_565771772/libs/dht"
Prebuilt binary for "rpc-service-fs" already exists
Prepared local dir: "/fwbuild-volumes/1.26/apps/gate/esp8266/build_contexts/build_ctx_565771772/libs/rpc-service-fs"
Lib "rpc-common" is already handled, skipping
Prebuilt binary for "rpc-uart" already exists
Prepared local dir: "/fwbuild-volumes/1.26/apps/gate/esp8266/build_contexts/build_ctx_565771772/libs/rpc-uart"
Lib "rpc-common" is already handled, skipping
Prebuilt binary for "demo-bundle" already exists
Prepared local dir: "/fwbuild-volumes/1.26/apps/gate/esp8266/build_contexts/build_ctx_565771772/libs/demo-bundle"
Handling lib "ota-http-server"...
Handling lib "atca"...
Lib "rpc-service-config" is already handled, skipping
Handling lib "dash"...
Handling lib "shadow"...
Lib "wifi" is already handled, skipping
The --lib flag was not given for it, checking repository
The --lib flag was not given for it, checking repository
Handling lib "ota-shadow"...
Handling lib "aws"...
Handling lib "rpc-mqtt"...
The --lib flag was not given for it, checking repository
Lib "ca-bundle" is already handled, skipping
Handling lib "ota-http-client"...
Handling lib "gcp"...
Handling lib "rpc-loopback"...
The --lib flag was not given for it, checking repository
Lib "rpc-service-fs" is already handled, skipping
Lib "rpc-uart" is already handled, skipping
Lib "dht" is already handled, skipping
Handling lib "http-server"...
Handling lib "rpc-service-ota"...
Handling lib "rpc-service-atca"...
Handling lib "i2c"...
The --lib flag was not given for it, checking repository
Handling lib "rpc-service-wifi"...
Handling lib "vfs-dev-spi-flash"...
The --lib flag was not given for it, checking repository
The --lib flag was not given for it, checking repository
Handling lib "pwm"...
The --lib flag was not given for it, checking repository
Handling lib "rpc-service-i2c"...
Handling lib "spi"...
Handling lib "dns-sd"...
The --lib flag was not given for it, checking repository
The --lib flag was not given for it, checking repository
Handling lib "sntp"...
The --lib flag was not given for it, checking repository
The --lib flag was not given for it, checking repository
Handling lib "rpc-service-gpio"...
The --lib flag was not given for it, checking repository
The --lib flag was not given for it, checking repository
The --lib flag was not given for it, checking repository
The --lib flag was not given for it, checking repository
The --lib flag was not given for it, checking repository
The --lib flag was not given for it, checking repository
The --lib flag was not given for it, checking repository
The --lib flag was not given for it, checking repository
The --lib flag was not given for it, checking repository
The --lib flag was not given for it, checking repository
Handling lib "adc"...
The --lib flag was not given for it, checking repository
Prebuilt binary for "gcp" already exists
Prepared local dir: "/fwbuild-volumes/1.26/apps/gate/esp8266/build_contexts/build_ctx_565771772/libs/gcp"
Prebuilt binary for "ota-shadow" already exists
Prepared local dir: "/fwbuild-volumes/1.26/apps/gate/esp8266/build_contexts/build_ctx_565771772/libs/ota-shadow"
Lib "ca-bundle" is already handled, skipping
Handling lib "mqtt"...
The --lib flag was not given for it, checking repository
Lib "shadow" is already handled, skipping
Prebuilt binary for "shadow" already exists
Prepared local dir: "/fwbuild-volumes/1.26/apps/gate/esp8266/build_contexts/build_ctx_565771772/libs/shadow"
Prebuilt binary for "dash" already exists
Prepared local dir: "/fwbuild-volumes/1.26/apps/gate/esp8266/build_contexts/build_ctx_565771772/libs/dash"
Prebuilt binary for "ota-http-server" already exists
Prebuilt binary for "rpc-service-ota" already exists
Prepared local dir: "/fwbuild-volumes/1.26/apps/gate/esp8266/build_contexts/build_ctx_565771772/libs/ota-http-server"
Prepared local dir: "/fwbuild-volumes/1.26/apps/gate/esp8266/build_contexts/build_ctx_565771772/libs/rpc-service-ota"
Prebuilt binary for "pwm" already exists
Prebuilt binary for "rpc-mqtt" already exists
Prepared local dir: "/fwbuild-volumes/1.26/apps/gate/esp8266/build_contexts/build_ctx_565771772/libs/pwm"
Prebuilt binary for "aws" already exists
Prepared local dir: "/fwbuild-volumes/1.26/apps/gate/esp8266/build_contexts/build_ctx_565771772/libs/aws"
Lib "ota-shadow" is already handled, skipping
Lib "ota-http-client" is already handled, skipping
Lib "rpc-common" is already handled, skipping
Lib "shadow" is already handled, skipping
Prepared local dir: "/fwbuild-volumes/1.26/apps/gate/esp8266/build_contexts/build_ctx_565771772/libs/rpc-mqtt"
Lib "rpc-common" is already handled, skipping
Lib "http-server" is already handled, skipping
Lib "ota-http-client" is already handled, skipping
Lib "mqtt" is already handled, skipping
Lib "rpc-common" is already handled, skipping
Lib "ca-bundle" is already handled, skipping
Lib "mqtt" is already handled, skipping
Lib "shadow" is already handled, skipping
Prebuilt binary for "adc" already exists
Prepared local dir: "/fwbuild-volumes/1.26/apps/gate/esp8266/build_contexts/build_ctx_565771772/libs/adc"
Prebuilt binary for "rpc-service-gpio" already exists
Prebuilt binary for "sntp" already exists
Prepared local dir: "/fwbuild-volumes/1.26/apps/gate/esp8266/build_contexts/build_ctx_565771772/libs/rpc-service-gpio"
Prepared local dir: "/fwbuild-volumes/1.26/apps/gate/esp8266/build_contexts/build_ctx_565771772/libs/sntp"
Prebuilt binary for "ota-http-client" already exists
Prepared local dir: "/fwbuild-volumes/1.26/apps/gate/esp8266/build_contexts/build_ctx_565771772/libs/ota-http-client"
Prebuilt binary for "rpc-service-wifi" already exists
Prebuilt binary for "rpc-service-i2c" already exists
Prepared local dir: "/fwbuild-volumes/1.26/apps/gate/esp8266/build_contexts/build_ctx_565771772/libs/rpc-service-wifi"
Prepared local dir: "/fwbuild-volumes/1.26/apps/gate/esp8266/build_contexts/build_ctx_565771772/libs/rpc-service-i2c"
Prebuilt binary for "i2c" already exists
Prepared local dir: "/fwbuild-volumes/1.26/apps/gate/esp8266/build_contexts/build_ctx_565771772/libs/i2c"
Lib "i2c" is already handled, skipping
Lib "rpc-common" is already handled, skipping
Lib "rpc-common" is already handled, skipping
Prebuilt binary for "vfs-dev-spi-flash" already exists
Lib "rpc-common" is already handled, skipping
Lib "wifi" is already handled, skipping
Prepared local dir: "/fwbuild-volumes/1.26/apps/gate/esp8266/build_contexts/build_ctx_565771772/libs/vfs-dev-spi-flash"
Prebuilt binary for "spi" already exists
Prepared local dir: "/fwbuild-volumes/1.26/apps/gate/esp8266/build_contexts/build_ctx_565771772/libs/spi"
Lib "spi" is already handled, skipping
Prebuilt binary for "rpc-loopback" already exists
Prepared local dir: "/fwbuild-volumes/1.26/apps/gate/esp8266/build_contexts/build_ctx_565771772/libs/rpc-loopback"
Lib "rpc-common" is already handled, skipping
Prebuilt binary for "rpc-service-atca" already exists
Prepared local dir: "/fwbuild-volumes/1.26/apps/gate/esp8266/build_contexts/build_ctx_565771772/libs/rpc-service-atca"
Lib "atca" is already handled, skipping
Lib "rpc-common" is already handled, skipping
Prebuilt binary for "mqtt" already exists
Prepared local dir: "/fwbuild-volumes/1.26/apps/gate/esp8266/build_contexts/build_ctx_565771772/libs/mqtt"
Falling back to sources for "http-server" (failed to fetch prebuilt binary: got 404 status code when accessed https://github.com/mongoose-os-libs/http-server/releases/download/1.26/libhttp-server-esp8266.a)
Prepared local dir: "/fwbuild-volumes/1.26/apps/gate/esp8266/build_contexts/build_ctx_565771772/libs/http-server"
Lib "atca" is optional, skipping
Lib "ethernet" is optional, skipping
Lib "wifi" is optional, skipping
Falling back to sources for "wifi" (failed to fetch prebuilt binary: got 404 status code when accessed https://github.com/mongoose-os-libs/wifi/releases/download/1.26/libwifi-esp8266.a)
Prepared local dir: "/fwbuild-volumes/1.26/apps/gate/esp8266/build_contexts/build_ctx_565771772/libs/wifi"
Falling back to sources for "atca" (failed to fetch prebuilt binary: got 404 status code when accessed https://github.com/mongoose-os-libs/atca/releases/download/1.26/libatca-esp8266.a)
Prepared local dir: "/fwbuild-volumes/1.26/apps/gate/esp8266/build_contexts/build_ctx_565771772/libs/atca"
Lib "i2c" is already handled, skipping
Falling back to sources for "rpc-common" (failed to fetch prebuilt binary: got 404 status code when accessed https://github.com/mongoose-os-libs/rpc-common/releases/download/1.26/librpc-common-esp8266.a)
Prepared local dir: "/fwbuild-volumes/1.26/apps/gate/esp8266/build_contexts/build_ctx_565771772/libs/rpc-common"
Lib "http-server" is optional, skipping
Falling back to sources for "mjs" (failed to fetch prebuilt binary: got 404 status code when accessed https://github.com/mongoose-os-libs/mjs/releases/download/1.26/libmjs-esp8266.a)
Prepared local dir: "/fwbuild-volumes/1.26/apps/gate/esp8266/build_contexts/build_ctx_565771772/libs/mjs"
Falling back to sources for "dns-sd" (failed to fetch prebuilt binary: got 404 status code when accessed https://github.com/mongoose-os-libs/dns-sd/releases/download/1.26/libdns-sd-esp8266.a)
Prepared local dir: "/fwbuild-volumes/1.26/apps/gate/esp8266/build_contexts/build_ctx_565771772/libs/dns-sd"
Lib "http-server" is already handled, skipping
The flag --module is not given for the module "mjs_module", going to use the repository
The flag --repo is not given, going to use mongoose-os repository
Sources: [/fwbuild-volumes/1.26/apps/gate/esp8266/build_contexts/build_ctx_565771772/src/main.c /fwbuild-volumes/1.26/apps/gate/esp8266/build_contexts/build_ctx_565771772/build/gen/deps_init.c /fwbuild-volumes/1.26/apps/gate/esp8266/build_contexts/build_ctx_565771772/libs/adc/esp8266/src/esp_adc.c /fwbuild-volumes/1.26/apps/gate/esp8266/build_contexts/build_ctx_565771772/libs/ca-bundle/src/mgos_ca_bundle.c /fwbuild-volumes/1.26/apps/gate/esp8266/build_contexts/build_ctx_565771772/libs/dht/src/mgos_dht.c /fwbuild-volumes/1.26/apps/gate/esp8266/build_contexts/build_ctx_565771772/libs/i2c/src/mgos_i2c.c /fwbuild-volumes/1.26/apps/gate/esp8266/build_contexts/build_ctx_565771772/libs/i2c/src/common_gpio/mgos_i2c_gpio.c /fwbuild-volumes/1.26/apps/gate/esp8266/build_contexts/build_ctx_565771772/libs/atca/src/mgos_atca.c /fwbuild-volumes/1.26/apps/gate/esp8266/build_contexts/build_ctx_565771772/libs/mqtt/src/mgos_mqtt.c /fwbuild-volumes/1.26/apps/gate/esp8266/build_contexts/build_ctx_565771772/libs/shadow/src/mgos_shadow.c /fwbuild-volumes/1.26/apps/gate/esp8266/build_contexts/build_ctx_565771772/libs/aws/src/mgos_aws.c /fwbuild-volumes/1.26/apps/gate/esp8266/build_contexts/build_ctx_565771772/libs/aws/src/mgos_aws_greengrass.c /fwbuild-volumes/1.26/apps/gate/esp8266/build_contexts/build_ctx_565771772/libs/aws/src/mgos_aws_shadow.c /fwbuild-volumes/1.26/apps/gate/esp8266/build_contexts/build_ctx_565771772/libs/wifi/src/mgos_wifi.c /fwbuild-volumes/1.26/apps/gate/esp8266/build_contexts/build_ctx_565771772/libs/wifi/src/mjs_wifi.c /fwbuild-volumes/1.26/apps/gate/esp8266/build_contexts/build_ctx_565771772/libs/wifi/esp8266/src/esp_wifi.c /fwbuild-volumes/1.26/apps/gate/esp8266/build_contexts/build_ctx_565771772/libs/http-server/src/mgos_http_server.c /fwbuild-volumes/1.26/apps/gate/esp8266/build_contexts/build_ctx_565771772/libs/rpc-common/src/mg_rpc/mg_rpc.c /fwbuild-volumes/1.26/apps/gate/esp8266/build_contexts/build_ctx_565771772/libs/rpc-common/src/mg_rpc/mg_rpc_channel.c /fwbuild-volumes/1.26/apps/gate/esp8266/build_contexts/build_ctx_565771772/libs/rpc-common/src/mg_rpc/mg_rpc_channel_http.c /fwbuild-volumes/1.26/apps/gate/esp8266/build_contexts/build_ctx_565771772/libs/rpc-common/src/mg_rpc/mg_rpc_channel_ws.c /fwbuild-volumes/1.26/apps/gate/esp8266/build_contexts/build_ctx_565771772/libs/rpc-common/src/mgos_rpc.c /fwbuild-volumes/1.26/apps/gate/esp8266/build_contexts/build_ctx_565771772/libs/dns-sd/src/mgos_dns_sd.c /fwbuild-volumes/1.26/apps/gate/esp8266/build_contexts/build_ctx_565771772/libs/gcp/src/mgos_gcp.c /fwbuild-volumes/1.26/apps/gate/esp8266/build_contexts/build_ctx_565771772/libs/pwm/src/mgos_pwm.c /fwbuild-volumes/1.26/apps/gate/esp8266/build_contexts/build_ctx_565771772/libs/pwm/src/esp8266/esp_pwm.c /fwbuild-volumes/1.26/apps/gate/esp8266/build_contexts/build_ctx_565771772/libs/rpc-loopback/src/mg_rpc_channel_loopback.c /fwbuild-volumes/1.26/apps/gate/esp8266/build_contexts/build_ctx_565771772/libs/rpc-mqtt/src/mgos_rpc_channel_mqtt.c /fwbuild-volumes/1.26/apps/gate/esp8266/build_contexts/build_ctx_565771772/libs/rpc-service-atca/src/mgos_atca_service.c /fwbuild-volumes/1.26/apps/gate/esp8266/build_contexts/build_ctx_565771772/libs/rpc-service-config/src/mgos_service_config.c /fwbuild-volumes/1.26/apps/gate/esp8266/build_contexts/build_ctx_565771772/libs/rpc-service-fs/src/mgos_service_filesystem.c /fwbuild-volumes/1.26/apps/gate/esp8266/build_contexts/build_ctx_565771772/libs/rpc-service-gpio/src/mgos_gpio_service.c /fwbuild-volumes/1.26/apps/gate/esp8266/build_contexts/build_ctx_565771772/libs/rpc-service-i2c/src/mgos_i2c_service.c /fwbuild-volumes/1.26/apps/gate/esp8266/build_contexts/build_ctx_565771772/libs/rpc-service-wifi/src/mgos_rpc_service_wifi.c /fwbuild-volumes/1.26/apps/gate/esp8266/build_contexts/build_ctx_565771772/libs/rpc-uart/src/mgos_rpc_channel_uart.c /fwbuild-volumes/1.26/apps/gate/esp8266/build_contexts/build_ctx_565771772/libs/sntp/src/mgos_sntp.c /fwbuild-volumes/1.26/apps/gate/esp8266/build_contexts/build_ctx_565771772/libs/spi/src/mgos_spi.c /fwbuild-volumes/1.26/apps/gate/esp8266/build_contexts/build_ctx_565771772/libs/spi/src/mgos_spi_mjs.c /fwbuild-volumes/1.26/apps/gate/esp8266/build_contexts/build_ctx_565771772/libs/spi/src/common_gpio/mgos_spi_gpio.c /fwbuild-volumes/1.26/apps/gate/esp8266/build_contexts/build_ctx_565771772/libs/vfs-dev-spi-flash/src/mgos_vfs_dev_spi_flash.c /fwbuild-volumes/1.26/apps/gate/esp8266/build_contexts/build_ctx_565771772/libs/demo-bundle/src/mgos_demo_bundle.c /fwbuild-volumes/1.26/apps/gate/esp8266/build_contexts/build_ctx_565771772/libs/mjs/src/mos_mjs.c /fwbuild-volumes/1.26/apps/gate/esp8266/build_contexts/build_ctx_565771772/modules/mjs_module/mjs.c /fwbuild-volumes/1.26/apps/gate/esp8266/build_contexts/build_ctx_565771772/libs/mjs/esp8266/src/esp8266_mjs.c /fwbuild-volumes/1.26/apps/gate/esp8266/build_contexts/build_ctx_565771772/libs/js-demo-bundle/src/mgos_js_demo_bundle.c]
Include dirs: [/fwbuild-volumes/1.26/apps/gate/esp8266/build_contexts/build_ctx_565771772/libs/adc/include /fwbuild-volumes/1.26/apps/gate/esp8266/build_contexts/build_ctx_565771772/libs/adc/esp8266/include /fwbuild-volumes/1.26/apps/gate/esp8266/build_contexts/build_ctx_565771772/libs/dht/include /fwbuild-volumes/1.26/apps/gate/esp8266/build_contexts/build_ctx_565771772/libs/i2c/include /fwbuild-volumes/1.26/apps/gate/esp8266/build_contexts/build_ctx_565771772/libs/atca/include /fwbuild-volumes/1.26/apps/gate/esp8266/build_contexts/build_ctx_565771772/libs/mqtt/include /fwbuild-volumes/1.26/apps/gate/esp8266/build_contexts/build_ctx_565771772/libs/shadow/include /fwbuild-volumes/1.26/apps/gate/esp8266/build_contexts/build_ctx_565771772/libs/aws/include /fwbuild-volumes/1.26/apps/gate/esp8266/build_contexts/build_ctx_565771772/libs/wifi/include /fwbuild-volumes/1.26/apps/gate/esp8266/build_contexts/build_ctx_565771772/libs/http-server/include /fwbuild-volumes/1.26/apps/gate/esp8266/build_contexts/build_ctx_565771772/libs/rpc-common/include/mg_rpc /fwbuild-volumes/1.26/apps/gate/esp8266/build_contexts/build_ctx_565771772/libs/rpc-common/include /fwbuild-volumes/1.26/apps/gate/esp8266/build_contexts/build_ctx_565771772/libs/dash/include /fwbuild-volumes/1.26/apps/gate/esp8266/build_contexts/build_ctx_565771772/libs/dns-sd/include /fwbuild-volumes/1.26/apps/gate/esp8266/build_contexts/build_ctx_565771772/libs/gcp/include /fwbuild-volumes/1.26/apps/gate/esp8266/build_contexts/build_ctx_565771772/libs/ota-http-client/include /fwbuild-volumes/1.26/apps/gate/esp8266/build_contexts/build_ctx_565771772/libs/ota-http-server/include /fwbuild-volumes/1.26/apps/gate/esp8266/build_contexts/build_ctx_565771772/libs/pwm/include /fwbuild-volumes/1.26/apps/gate/esp8266/build_contexts/build_ctx_565771772/libs/rpc-loopback/include /fwbuild-volumes/1.26/apps/gate/esp8266/build_contexts/build_ctx_565771772/libs/rpc-mqtt/include /fwbuild-volumes/1.26/apps/gate/esp8266/build_contexts/build_ctx_565771772/libs/rpc-service-config/include /fwbuild-volumes/1.26/apps/gate/esp8266/build_contexts/build_ctx_565771772/libs/rpc-service-fs/include /fwbuild-volumes/1.26/apps/gate/esp8266/build_contexts/build_ctx_565771772/libs/rpc-service-gpio/include /fwbuild-volumes/1.26/apps/gate/esp8266/build_contexts/build_ctx_565771772/libs/rpc-service-i2c/include /fwbuild-volumes/1.26/apps/gate/esp8266/build_contexts/build_ctx_565771772/libs/rpc-service-ota/include /fwbuild-volumes/1.26/apps/gate/esp8266/build_contexts/build_ctx_565771772/libs/rpc-uart/include /fwbuild-volumes/1.26/apps/gate/esp8266/build_contexts/build_ctx_565771772/libs/sntp/include /fwbuild-volumes/1.26/apps/gate/esp8266/build_contexts/build_ctx_565771772/libs/spi/include /fwbuild-volumes/1.26/apps/gate/esp8266/build_contexts/build_ctx_565771772/libs/vfs-dev-spi-flash/include /fwbuild-volumes/1.26/apps/gate/esp8266/build_contexts/build_ctx_565771772/libs/mjs/include]
Binary libs: [/fwbuild-volumes/1.26/apps/gate/esp8266/build_contexts/build_ctx_565771772/libs/ota-shadow/lib/esp8266/libota-shadow.a /fwbuild-volumes/1.26/apps/gate/esp8266/build_contexts/build_ctx_565771772/libs/dash/lib/esp8266/libdash.a /fwbuild-volumes/1.26/apps/gate/esp8266/build_contexts/build_ctx_565771772/libs/ota-http-client/lib/esp8266/libota-http-client.a /fwbuild-volumes/1.26/apps/gate/esp8266/build_contexts/build_ctx_565771772/libs/ota-http-server/lib/esp8266/libota-http-server.a /fwbuild-volumes/1.26/apps/gate/esp8266/build_contexts/build_ctx_565771772/libs/rpc-service-ota/lib/esp8266/librpc-service-ota.a]
Building...
mount from "/fwbuild-volumes/1.26/apps/gate/esp8266/build_contexts/build_ctx_565771772" to "/app"
mount from "/fwbuild-volumes/1.26/apps/gate/esp8266/build_contexts/build_ctx_565771772/modules/mongoose-os" to "/mongoose-os"
mount from "/fwbuild-volumes/1.26/apps/gate/esp8266/build_contexts/build_ctx_565771772/modules/mongoose-os" to "/fwbuild-volumes/1.26/apps/gate/esp8266/build_contexts/build_ctx_565771772/modules/mongoose-os"
mount from "/fwbuild-volumes/1.26/apps/gate/esp8266/build_contexts/build_ctx_565771772/build" to "/fwbuild-volumes/1.26/apps/gate/esp8266/build_contexts/build_ctx_565771772/build"
mount from "/fwbuild-volumes/1.26/apps/gate/esp8266/build_contexts/build_ctx_565771772/src" to "/fwbuild-volumes/1.26/apps/gate/esp8266/build_contexts/build_ctx_565771772/src"
mount from "/fwbuild-volumes/1.26/apps/gate/esp8266/build_contexts/build_ctx_565771772/build/gen" to "/fwbuild-volumes/1.26/apps/gate/esp8266/build_contexts/build_ctx_565771772/build/gen"
mount from "/fwbuild-volumes/1.26/apps/gate/esp8266/build_contexts/build_ctx_565771772/libs/adc/esp8266/src" to "/fwbuild-volumes/1.26/apps/gate/esp8266/build_contexts/build_ctx_565771772/libs/adc/esp8266/src"
mount from "/fwbuild-volumes/1.26/apps/gate/esp8266/build_contexts/build_ctx_565771772/libs/ca-bundle/src" to "/fwbuild-volumes/1.26/apps/gate/esp8266/build_contexts/build_ctx_565771772/libs/ca-bundle/src"
mount from "/fwbuild-volumes/1.26/apps/gate/esp8266/build_contexts/build_ctx_565771772/libs/dht/src" to "/fwbuild-volumes/1.26/apps/gate/esp8266/build_contexts/build_ctx_565771772/libs/dht/src"
mount from "/fwbuild-volumes/1.26/apps/gate/esp8266/build_contexts/build_ctx_565771772/libs/i2c/src" to "/fwbuild-volumes/1.26/apps/gate/esp8266/build_contexts/build_ctx_565771772/libs/i2c/src"
mount from "/fwbuild-volumes/1.26/apps/gate/esp8266/build_contexts/build_ctx_565771772/libs/i2c/src/common_gpio" to "/fwbuild-volumes/1.26/apps/gate/esp8266/build_contexts/build_ctx_565771772/libs/i2c/src/common_gpio"
mount from "/fwbuild-volumes/1.26/apps/gate/esp8266/build_contexts/build_ctx_565771772/libs/atca/src" to "/fwbuild-volumes/1.26/apps/gate/esp8266/build_contexts/build_ctx_565771772/libs/atca/src"
mount from "/fwbuild-volumes/1.26/apps/gate/esp8266/build_contexts/build_ctx_565771772/libs/mqtt/src" to "/fwbuild-volumes/1.26/apps/gate/esp8266/build_contexts/build_ctx_565771772/libs/mqtt/src"
mount from "/fwbuild-volumes/1.26/apps/gate/esp8266/build_contexts/build_ctx_565771772/libs/shadow/src" to "/fwbuild-volumes/1.26/apps/gate/esp8266/build_contexts/build_ctx_565771772/libs/shadow/src"
mount from "/fwbuild-volumes/1.26/apps/gate/esp8266/build_contexts/build_ctx_565771772/libs/aws/src" to "/fwbuild-volumes/1.26/apps/gate/esp8266/build_contexts/build_ctx_565771772/libs/aws/src"
mount from "/fwbuild-volumes/1.26/apps/gate/esp8266/build_contexts/build_ctx_565771772/libs/wifi/src" to "/fwbuild-volumes/1.26/apps/gate/esp8266/build_contexts/build_ctx_565771772/libs/wifi/src"
mount from "/fwbuild-volumes/1.26/apps/gate/esp8266/build_contexts/build_ctx_565771772/libs/wifi/esp8266/src" to "/fwbuild-volumes/1.26/apps/gate/esp8266/build_contexts/build_ctx_565771772/libs/wifi/esp8266/src"
mount from "/fwbuild-volumes/1.26/apps/gate/esp8266/build_contexts/build_ctx_565771772/libs/http-server/src" to "/fwbuild-volumes/1.26/apps/gate/esp8266/build_contexts/build_ctx_565771772/libs/http-server/src"
mount from "/fwbuild-volumes/1.26/apps/gate/esp8266/build_contexts/build_ctx_565771772/libs/rpc-common/src/mg_rpc" to "/fwbuild-volumes/1.26/apps/gate/esp8266/build_contexts/build_ctx_565771772/libs/rpc-common/src/mg_rpc"
mount from "/fwbuild-volumes/1.26/apps/gate/esp8266/build_contexts/build_ctx_565771772/libs/rpc-common/src" to "/fwbuild-volumes/1.26/apps/gate/esp8266/build_contexts/build_ctx_565771772/libs/rpc-common/src"
mount from "/fwbuild-volumes/1.26/apps/gate/esp8266/build_contexts/build_ctx_565771772/libs/dns-sd/src" to "/fwbuild-volumes/1.26/apps/gate/esp8266/build_contexts/build_ctx_565771772/libs/dns-sd/src"
mount from "/fwbuild-volumes/1.26/apps/gate/esp8266/build_contexts/build_ctx_565771772/libs/gcp/src" to "/fwbuild-volumes/1.26/apps/gate/esp8266/build_contexts/build_ctx_565771772/libs/gcp/src"
mount from "/fwbuild-volumes/1.26/apps/gate/esp8266/build_contexts/build_ctx_565771772/libs/pwm/src" to "/fwbuild-volumes/1.26/apps/gate/esp8266/build_contexts/build_ctx_565771772/libs/pwm/src"
mount from "/fwbuild-volumes/1.26/apps/gate/esp8266/build_contexts/build_ctx_565771772/libs/pwm/src/esp8266" to "/fwbuild-volumes/1.26/apps/gate/esp8266/build_contexts/build_ctx_565771772/libs/pwm/src/esp8266"
mount from "/fwbuild-volumes/1.26/apps/gate/esp8266/build_contexts/build_ctx_565771772/libs/rpc-loopback/src" to "/fwbuild-volumes/1.26/apps/gate/esp8266/build_contexts/build_ctx_565771772/libs/rpc-loopback/src"
mount from "/fwbuild-volumes/1.26/apps/gate/esp8266/build_contexts/build_ctx_565771772/libs/rpc-mqtt/src" to "/fwbuild-volumes/1.26/apps/gate/esp8266/build_contexts/build_ctx_565771772/libs/rpc-mqtt/src"
mount from "/fwbuild-volumes/1.26/apps/gate/esp8266/build_contexts/build_ctx_565771772/libs/rpc-service-atca/src" to "/fwbuild-volumes/1.26/apps/gate/esp8266/build_contexts/build_ctx_565771772/libs/rpc-service-atca/src"
mount from "/fwbuild-volumes/1.26/apps/gate/esp8266/build_contexts/build_ctx_565771772/libs/rpc-service-config/src" to "/fwbuild-volumes/1.26/apps/gate/esp8266/build_contexts/build_ctx_565771772/libs/rpc-service-config/src"
mount from "/fwbuild-volumes/1.26/apps/gate/esp8266/build_contexts/build_ctx_565771772/libs/rpc-service-fs/src" to "/fwbuild-volumes/1.26/apps/gate/esp8266/build_contexts/build_ctx_565771772/libs/rpc-service-fs/src"
mount from "/fwbuild-volumes/1.26/apps/gate/esp8266/build_contexts/build_ctx_565771772/libs/rpc-service-gpio/src" to "/fwbuild-volumes/1.26/apps/gate/esp8266/build_contexts/build_ctx_565771772/libs/rpc-service-gpio/src"
mount from "/fwbuild-volumes/1.26/apps/gate/esp8266/build_contexts/build_ctx_565771772/libs/rpc-service-i2c/src" to "/fwbuild-volumes/1.26/apps/gate/esp8266/build_contexts/build_ctx_565771772/libs/rpc-service-i2c/src"
mount from "/fwbuild-volumes/1.26/apps/gate/esp8266/build_contexts/build_ctx_565771772/libs/rpc-service-wifi/src" to "/fwbuild-volumes/1.26/apps/gate/esp8266/build_contexts/build_ctx_565771772/libs/rpc-service-wifi/src"
mount from "/fwbuild-volumes/1.26/apps/gate/esp8266/build_contexts/build_ctx_565771772/libs/rpc-uart/src" to "/fwbuild-volumes/1.26/apps/gate/esp8266/build_contexts/build_ctx_565771772/libs/rpc-uart/src"
mount from "/fwbuild-volumes/1.26/apps/gate/esp8266/build_contexts/build_ctx_565771772/libs/sntp/src" to "/fwbuild-volumes/1.26/apps/gate/esp8266/build_contexts/build_ctx_565771772/libs/sntp/src"
mount from "/fwbuild-volumes/1.26/apps/gate/esp8266/build_contexts/build_ctx_565771772/libs/spi/src" to "/fwbuild-volumes/1.26/apps/gate/esp8266/build_contexts/build_ctx_565771772/libs/spi/src"
mount from "/fwbuild-volumes/1.26/apps/gate/esp8266/build_contexts/build_ctx_565771772/libs/spi/src/common_gpio" to "/fwbuild-volumes/1.26/apps/gate/esp8266/build_contexts/build_ctx_565771772/libs/spi/src/common_gpio"
mount from "/fwbuild-volumes/1.26/apps/gate/esp8266/build_contexts/build_ctx_565771772/libs/vfs-dev-spi-flash/src" to "/fwbuild-volumes/1.26/apps/gate/esp8266/build_contexts/build_ctx_565771772/libs/vfs-dev-spi-flash/src"
mount from "/fwbuild-volumes/1.26/apps/gate/esp8266/build_contexts/build_ctx_565771772/libs/demo-bundle/src" to "/fwbuild-volumes/1.26/apps/gate/esp8266/build_contexts/build_ctx_565771772/libs/demo-bundle/src"
mount from "/fwbuild-volumes/1.26/apps/gate/esp8266/build_contexts/build_ctx_565771772/libs/mjs/src" to "/fwbuild-volumes/1.26/apps/gate/esp8266/build_contexts/build_ctx_565771772/libs/mjs/src"
mount from "/fwbuild-volumes/1.26/apps/gate/esp8266/build_contexts/build_ctx_565771772/modules/mjs_module" to "/fwbuild-volumes/1.26/apps/gate/esp8266/build_contexts/build_ctx_565771772/modules/mjs_module"
mount from "/fwbuild-volumes/1.26/apps/gate/esp8266/build_contexts/build_ctx_565771772/libs/mjs/esp8266/src" to "/fwbuild-volumes/1.26/apps/gate/esp8266/build_contexts/build_ctx_565771772/libs/mjs/esp8266/src"
mount from "/fwbuild-volumes/1.26/apps/gate/esp8266/build_contexts/build_ctx_565771772/libs/js-demo-bundle/src" to "/fwbuild-volumes/1.26/apps/gate/esp8266/build_contexts/build_ctx_565771772/libs/js-demo-bundle/src"
mount from "/fwbuild-volumes/1.26/apps/gate/esp8266/build_contexts/build_ctx_565771772/libs/adc/include" to "/fwbuild-volumes/1.26/apps/gate/esp8266/build_contexts/build_ctx_565771772/libs/adc/include"
mount from "/fwbuild-volumes/1.26/apps/gate/esp8266/build_contexts/build_ctx_565771772/libs/adc/esp8266/include" to "/fwbuild-volumes/1.26/apps/gate/esp8266/build_contexts/build_ctx_565771772/libs/adc/esp8266/include"
mount from "/fwbuild-volumes/1.26/apps/gate/esp8266/build_contexts/build_ctx_565771772/libs/dht/include" to "/fwbuild-volumes/1.26/apps/gate/esp8266/build_contexts/build_ctx_565771772/libs/dht/include"
mount from "/fwbuild-volumes/1.26/apps/gate/esp8266/build_contexts/build_ctx_565771772/libs/i2c/include" to "/fwbuild-volumes/1.26/apps/gate/esp8266/build_contexts/build_ctx_565771772/libs/i2c/include"
mount from "/fwbuild-volumes/1.26/apps/gate/esp8266/build_contexts/build_ctx_565771772/libs/atca/include" to "/fwbuild-volumes/1.26/apps/gate/esp8266/build_contexts/build_ctx_565771772/libs/atca/include"
mount from "/fwbuild-volumes/1.26/apps/gate/esp8266/build_contexts/build_ctx_565771772/libs/mqtt/include" to "/fwbuild-volumes/1.26/apps/gate/esp8266/build_contexts/build_ctx_565771772/libs/mqtt/include"
mount from "/fwbuild-volumes/1.26/apps/gate/esp8266/build_contexts/build_ctx_565771772/libs/shadow/include" to "/fwbuild-volumes/1.26/apps/gate/esp8266/build_contexts/build_ctx_565771772/libs/shadow/include"
mount from "/fwbuild-volumes/1.26/apps/gate/esp8266/build_contexts/build_ctx_565771772/libs/aws/include" to "/fwbuild-volumes/1.26/apps/gate/esp8266/build_contexts/build_ctx_565771772/libs/aws/include"
mount from "/fwbuild-volumes/1.26/apps/gate/esp8266/build_contexts/build_ctx_565771772/libs/wifi/include" to "/fwbuild-volumes/1.26/apps/gate/esp8266/build_contexts/build_ctx_565771772/libs/wifi/include"
mount from "/fwbuild-volumes/1.26/apps/gate/esp8266/build_contexts/build_ctx_565771772/libs/http-server/include" to "/fwbuild-volumes/1.26/apps/gate/esp8266/build_contexts/build_ctx_565771772/libs/http-server/include"
mount from "/fwbuild-volumes/1.26/apps/gate/esp8266/build_contexts/build_ctx_565771772/libs/rpc-common/include/mg_rpc" to "/fwbuild-volumes/1.26/apps/gate/esp8266/build_contexts/build_ctx_565771772/libs/rpc-common/include/mg_rpc"
mount from "/fwbuild-volumes/1.26/apps/gate/esp8266/build_contexts/build_ctx_565771772/libs/rpc-common/include" to "/fwbuild-volumes/1.26/apps/gate/esp8266/build_contexts/build_ctx_565771772/libs/rpc-common/include"
mount from "/fwbuild-volumes/1.26/apps/gate/esp8266/build_contexts/build_ctx_565771772/libs/dash/include" to "/fwbuild-volumes/1.26/apps/gate/esp8266/build_contexts/build_ctx_565771772/libs/dash/include"
mount from "/fwbuild-volumes/1.26/apps/gate/esp8266/build_contexts/build_ctx_565771772/libs/dns-sd/include" to "/fwbuild-volumes/1.26/apps/gate/esp8266/build_contexts/build_ctx_565771772/libs/dns-sd/include"
mount from "/fwbuild-volumes/1.26/apps/gate/esp8266/build_contexts/build_ctx_565771772/libs/gcp/include" to "/fwbuild-volumes/1.26/apps/gate/esp8266/build_contexts/build_ctx_565771772/libs/gcp/include"
mount from "/fwbuild-volumes/1.26/apps/gate/esp8266/build_contexts/build_ctx_565771772/libs/ota-http-client/include" to "/fwbuild-volumes/1.26/apps/gate/esp8266/build_contexts/build_ctx_565771772/libs/ota-http-client/include"
mount from "/fwbuild-volumes/1.26/apps/gate/esp8266/build_contexts/build_ctx_565771772/libs/ota-http-server/include" to "/fwbuild-volumes/1.26/apps/gate/esp8266/build_contexts/build_ctx_565771772/libs/ota-http-server/include"
mount from "/fwbuild-volumes/1.26/apps/gate/esp8266/build_contexts/build_ctx_565771772/libs/pwm/include" to "/fwbuild-volumes/1.26/apps/gate/esp8266/build_contexts/build_ctx_565771772/libs/pwm/include"
mount from "/fwbuild-volumes/1.26/apps/gate/esp8266/build_contexts/build_ctx_565771772/libs/rpc-loopback/include" to "/fwbuild-volumes/1.26/apps/gate/esp8266/build_contexts/build_ctx_565771772/libs/rpc-loopback/include"
mount from "/fwbuild-volumes/1.26/apps/gate/esp8266/build_contexts/build_ctx_565771772/libs/rpc-mqtt/include" to "/fwbuild-volumes/1.26/apps/gate/esp8266/build_contexts/build_ctx_565771772/libs/rpc-mqtt/include"
mount from "/fwbuild-volumes/1.26/apps/gate/esp8266/build_contexts/build_ctx_565771772/libs/rpc-service-config/include" to "/fwbuild-volumes/1.26/apps/gate/esp8266/build_contexts/build_ctx_565771772/libs/rpc-service-config/include"
mount from "/fwbuild-volumes/1.26/apps/gate/esp8266/build_contexts/build_ctx_565771772/libs/rpc-service-fs/include" to "/fwbuild-volumes/1.26/apps/gate/esp8266/build_contexts/build_ctx_565771772/libs/rpc-service-fs/include"
mount from "/fwbuild-volumes/1.26/apps/gate/esp8266/build_contexts/build_ctx_565771772/libs/rpc-service-gpio/include" to "/fwbuild-volumes/1.26/apps/gate/esp8266/build_contexts/build_ctx_565771772/libs/rpc-service-gpio/include"
mount from "/fwbuild-volumes/1.26/apps/gate/esp8266/build_contexts/build_ctx_565771772/libs/rpc-service-i2c/include" to "/fwbuild-volumes/1.26/apps/gate/esp8266/build_contexts/build_ctx_565771772/libs/rpc-service-i2c/include"
mount from "/fwbuild-volumes/1.26/apps/gate/esp8266/build_contexts/build_ctx_565771772/libs/rpc-service-ota/include" to "/fwbuild-volumes/1.26/apps/gate/esp8266/build_contexts/build_ctx_565771772/libs/rpc-service-ota/include"
mount from "/fwbuild-volumes/1.26/apps/gate/esp8266/build_contexts/build_ctx_565771772/libs/rpc-uart/include" to "/fwbuild-volumes/1.26/apps/gate/esp8266/build_contexts/build_ctx_565771772/libs/rpc-uart/include"
mount from "/fwbuild-volumes/1.26/apps/gate/esp8266/build_contexts/build_ctx_565771772/libs/sntp/include" to "/fwbuild-volumes/1.26/apps/gate/esp8266/build_contexts/build_ctx_565771772/libs/sntp/include"
mount from "/fwbuild-volumes/1.26/apps/gate/esp8266/build_contexts/build_ctx_565771772/libs/spi/include" to "/fwbuild-volumes/1.26/apps/gate/esp8266/build_contexts/build_ctx_565771772/libs/spi/include"
mount from "/fwbuild-volumes/1.26/apps/gate/esp8266/build_contexts/build_ctx_565771772/libs/vfs-dev-spi-flash/include" to "/fwbuild-volumes/1.26/apps/gate/esp8266/build_contexts/build_ctx_565771772/libs/vfs-dev-spi-flash/include"
mount from "/fwbuild-volumes/1.26/apps/gate/esp8266/build_contexts/build_ctx_565771772/libs/mjs/include" to "/fwbuild-volumes/1.26/apps/gate/esp8266/build_contexts/build_ctx_565771772/libs/mjs/include"
mount from "/fwbuild-volumes/1.26/apps/gate/esp8266/build_contexts/build_ctx_565771772/libs/ca-bundle/fs" to "/fwbuild-volumes/1.26/apps/gate/esp8266/build_contexts/build_ctx_565771772/libs/ca-bundle/fs"
mount from "/fwbuild-volumes/1.26/apps/gate/esp8266/build_contexts/build_ctx_565771772/libs/mjs/fs" to "/fwbuild-volumes/1.26/apps/gate/esp8266/build_contexts/build_ctx_565771772/libs/mjs/fs"
mount from "/fwbuild-volumes/1.26/apps/gate/esp8266/build_contexts/build_ctx_565771772/modules/mjs_module/mjs/lib" to "/fwbuild-volumes/1.26/apps/gate/esp8266/build_contexts/build_ctx_565771772/modules/mjs_module/mjs/lib"
mount from "/fwbuild-volumes/1.26/apps/gate/esp8266/build_contexts/build_ctx_565771772/libs/adc/mjs_fs" to "/fwbuild-volumes/1.26/apps/gate/esp8266/build_contexts/build_ctx_565771772/libs/adc/mjs_fs"
mount from "/fwbuild-volumes/1.26/apps/gate/esp8266/build_contexts/build_ctx_565771772/libs/dht/mjs_fs" to "/fwbuild-volumes/1.26/apps/gate/esp8266/build_contexts/build_ctx_565771772/libs/dht/mjs_fs"
mount from "/fwbuild-volumes/1.26/apps/gate/esp8266/build_contexts/build_ctx_565771772/libs/i2c/mjs_fs" to "/fwbuild-volumes/1.26/apps/gate/esp8266/build_contexts/build_ctx_565771772/libs/i2c/mjs_fs"
mount from "/fwbuild-volumes/1.26/apps/gate/esp8266/build_contexts/build_ctx_565771772/libs/mqtt/mjs_fs" to "/fwbuild-volumes/1.26/apps/gate/esp8266/build_contexts/build_ctx_565771772/libs/mqtt/mjs_fs"
mount from "/fwbuild-volumes/1.26/apps/gate/esp8266/build_contexts/build_ctx_565771772/libs/shadow/mjs_fs" to "/fwbuild-volumes/1.26/apps/gate/esp8266/build_contexts/build_ctx_565771772/libs/shadow/mjs_fs"
mount from "/fwbuild-volumes/1.26/apps/gate/esp8266/build_contexts/build_ctx_565771772/libs/aws/mjs_fs" to "/fwbuild-volumes/1.26/apps/gate/esp8266/build_contexts/build_ctx_565771772/libs/aws/mjs_fs"
mount from "/fwbuild-volumes/1.26/apps/gate/esp8266/build_contexts/build_ctx_565771772/libs/wifi/mjs_fs" to "/fwbuild-volumes/1.26/apps/gate/esp8266/build_contexts/build_ctx_565771772/libs/wifi/mjs_fs"
mount from "/fwbuild-volumes/1.26/apps/gate/esp8266/build_contexts/build_ctx_565771772/libs/rpc-common/mjs_fs" to "/fwbuild-volumes/1.26/apps/gate/esp8266/build_contexts/build_ctx_565771772/libs/rpc-common/mjs_fs"
mount from "/fwbuild-volumes/1.26/apps/gate/esp8266/build_contexts/build_ctx_565771772/libs/ota-http-client/mjs_fs" to "/fwbuild-volumes/1.26/apps/gate/esp8266/build_contexts/build_ctx_565771772/libs/ota-http-client/mjs_fs"
mount from "/fwbuild-volumes/1.26/apps/gate/esp8266/build_contexts/build_ctx_565771772/libs/pwm/mjs_fs" to "/fwbuild-volumes/1.26/apps/gate/esp8266/build_contexts/build_ctx_565771772/libs/pwm/mjs_fs"
mount from "/fwbuild-volumes/1.26/apps/gate/esp8266/build_contexts/build_ctx_565771772/libs/spi/mjs_fs" to "/fwbuild-volumes/1.26/apps/gate/esp8266/build_contexts/build_ctx_565771772/libs/spi/mjs_fs"
mount from "/fwbuild-volumes/1.26/apps/gate/esp8266/build_contexts/build_ctx_565771772/libs/mjs/esp8266/fs" to "/fwbuild-volumes/1.26/apps/gate/esp8266/build_contexts/build_ctx_565771772/libs/mjs/esp8266/fs"
mount from "/fwbuild-volumes/1.26/apps/gate/esp8266/build_contexts/build_ctx_565771772/fs" to "/fwbuild-volumes/1.26/apps/gate/esp8266/build_contexts/build_ctx_565771772/fs"
mount from "/fwbuild-volumes/1.26/apps/gate/esp8266/build_contexts/build_ctx_565771772/libs/ota-shadow/lib/esp8266" to "/fwbuild-volumes/1.26/apps/gate/esp8266/build_contexts/build_ctx_565771772/libs/ota-shadow/lib/esp8266"
mount from "/fwbuild-volumes/1.26/apps/gate/esp8266/build_contexts/build_ctx_565771772/libs/dash/lib/esp8266" to "/fwbuild-volumes/1.26/apps/gate/esp8266/build_contexts/build_ctx_565771772/libs/dash/lib/esp8266"
mount from "/fwbuild-volumes/1.26/apps/gate/esp8266/build_contexts/build_ctx_565771772/libs/ota-http-client/lib/esp8266" to "/fwbuild-volumes/1.26/apps/gate/esp8266/build_contexts/build_ctx_565771772/libs/ota-http-client/lib/esp8266"
mount from "/fwbuild-volumes/1.26/apps/gate/esp8266/build_contexts/build_ctx_565771772/libs/ota-http-server/lib/esp8266" to "/fwbuild-volumes/1.26/apps/gate/esp8266/build_contexts/build_ctx_565771772/libs/ota-http-server/lib/esp8266"
mount from "/fwbuild-volumes/1.26/apps/gate/esp8266/build_contexts/build_ctx_565771772/libs/rpc-service-ota/lib/esp8266" to "/fwbuild-volumes/1.26/apps/gate/esp8266/build_contexts/build_ctx_565771772/libs/rpc-service-ota/lib/esp8266"
mount from "/fwbuild-volumes/1.26/apps/gate/esp8266/build_contexts/build_ctx_565771772/build/gen" to "/fwbuild-volumes/1.26/apps/gate/esp8266/build_contexts/build_ctx_565771772/build/gen"
Docker arguments: run --name mos_build_2018-02-19T11-03-26-00_6493477065991326922 --rm -i -v /fwbuild-volumes/1.26/apps/gate/esp8266/build_contexts/build_ctx_565771772/libs/aws/src:/fwbuild-volumes/1.26/apps/gate/esp8266/build_contexts/build_ctx_565771772/libs/aws/src -v /fwbuild-volumes/1.26/apps/gate/esp8266/build_contexts/build_ctx_565771772/libs/aws/mjs_fs:/fwbuild-volumes/1.26/apps/gate/esp8266/build_contexts/build_ctx_565771772/libs/aws/mjs_fs -v /fwbuild-volumes/1.26/apps/gate/esp8266/build_contexts/build_ctx_565771772/libs/pwm/mjs_fs:/fwbuild-volumes/1.26/apps/gate/esp8266/build_contexts/build_ctx_565771772/libs/pwm/mjs_fs -v /fwbuild-volumes/1.26/apps/gate/esp8266/build_contexts/build_ctx_565771772/libs/ota-shadow/lib/esp8266:/fwbuild-volumes/1.26/apps/gate/esp8266/build_contexts/build_ctx_565771772/libs/ota-shadow/lib/esp8266 -v /fwbuild-volumes/1.26/apps/gate/esp8266/build_contexts/build_ctx_565771772/libs/adc/esp8266/src:/fwbuild-volumes/1.26/apps/gate/esp8266/build_contexts/build_ctx_565771772/libs/adc/esp8266/src -v /fwbuild-volumes/1.26/apps/gate/esp8266/build_contexts/build_ctx_565771772/libs/shadow/src:/fwbuild-volumes/1.26/apps/gate/esp8266/build_contexts/build_ctx_565771772/libs/shadow/src -v /fwbuild-volumes/1.26/apps/gate/esp8266/build_contexts/build_ctx_565771772/libs/dht/mjs_fs:/fwbuild-volumes/1.26/apps/gate/esp8266/build_contexts/build_ctx_565771772/libs/dht/mjs_fs -v /fwbuild-volumes/1.26/apps/gate/esp8266/build_contexts/build_ctx_565771772/libs/i2c/mjs_fs:/fwbuild-volumes/1.26/apps/gate/esp8266/build_contexts/build_ctx_565771772/libs/i2c/mjs_fs -v /fwbuild-volumes/1.26/apps/gate/esp8266/build_contexts/build_ctx_565771772/build/gen:/fwbuild-volumes/1.26/apps/gate/esp8266/build_contexts/build_ctx_565771772/build/gen -v /fwbuild-volumes/1.26/apps/gate/esp8266/build_contexts/build_ctx_565771772/libs/i2c/src:/fwbuild-volumes/1.26/apps/gate/esp8266/build_contexts/build_ctx_565771772/libs/i2c/src -v /fwbuild-volumes/1.26/apps/gate/esp8266/build_contexts/build_ctx_565771772/libs/rpc-common/src:/fwbuild-volumes/1.26/apps/gate/esp8266/build_contexts/build_ctx_565771772/libs/rpc-common/src -v /fwbuild-volumes/1.26/apps/gate/esp8266/build_contexts/build_ctx_565771772/libs/demo-bundle/src:/fwbuild-volumes/1.26/apps/gate/esp8266/build_contexts/build_ctx_565771772/libs/demo-bundle/src -v /fwbuild-volumes/1.26/apps/gate/esp8266/build_contexts/build_ctx_565771772/libs/wifi/mjs_fs:/fwbuild-volumes/1.26/apps/gate/esp8266/build_contexts/build_ctx_565771772/libs/wifi/mjs_fs -v /fwbuild-volumes/1.26/apps/gate/esp8266/build_contexts/build_ctx_565771772/libs/dash/lib/esp8266:/fwbuild-volumes/1.26/apps/gate/esp8266/build_contexts/build_ctx_565771772/libs/dash/lib/esp8266 -v /fwbuild-volumes/1.26/apps/gate/esp8266/build_contexts/build_ctx_565771772/libs/atca/src:/fwbuild-volumes/1.26/apps/gate/esp8266/build_contexts/build_ctx_565771772/libs/atca/src -v /fwbuild-volumes/1.26/apps/gate/esp8266/build_contexts/build_ctx_565771772/libs/dash/include:/fwbuild-volumes/1.26/apps/gate/esp8266/build_contexts/build_ctx_565771772/libs/dash/include -v /fwbuild-volumes/1.26/apps/gate/esp8266/build_contexts/build_ctx_565771772/modules/mjs_module/mjs/lib:/fwbuild-volumes/1.26/apps/gate/esp8266/build_contexts/build_ctx_565771772/modules/mjs_module/mjs/lib -v /fwbuild-volumes/1.26/apps/gate/esp8266/build_contexts/build_ctx_565771772/libs/adc/mjs_fs:/fwbuild-volumes/1.26/apps/gate/esp8266/build_contexts/build_ctx_565771772/libs/adc/mjs_fs -v /fwbuild-volumes/1.26/apps/gate/esp8266/build_contexts/build_ctx_565771772/libs/http-server/src:/fwbuild-volumes/1.26/apps/gate/esp8266/build_contexts/build_ctx_565771772/libs/http-server/src -v /fwbuild-volumes/1.26/apps/gate/esp8266/build_contexts/build_ctx_565771772/libs/rpc-service-atca/src:/fwbuild-volumes/1.26/apps/gate/esp8266/build_contexts/build_ctx_565771772/libs/rpc-service-atca/src -v /fwbuild-volumes/1.26/apps/gate/esp8266/build_contexts/build_ctx_565771772/libs/adc/esp8266/include:/fwbuild-volumes/1.26/apps/gate/esp8266/build_contexts/build_ctx_565771772/libs/adc/esp8266/include -v /fwbuild-volumes/1.26/apps/gate/esp8266/build_contexts/build_ctx_565771772/libs/dht/include:/fwbuild-volumes/1.26/apps/gate/esp8266/build_contexts/build_ctx_565771772/libs/dht/include -v /fwbuild-volumes/1.26/apps/gate/esp8266/build_contexts/build_ctx_565771772/libs/rpc-uart/include:/fwbuild-volumes/1.26/apps/gate/esp8266/build_contexts/build_ctx_565771772/libs/rpc-uart/include -v /fwbuild-volumes/1.26/apps/gate/esp8266/build_contexts/build_ctx_565771772/libs/ota-http-client/lib/esp8266:/fwbuild-volumes/1.26/apps/gate/esp8266/build_contexts/build_ctx_565771772/libs/ota-http-client/lib/esp8266 -v /fwbuild-volumes/1.26/apps/gate/esp8266/build_contexts/build_ctx_565771772/libs/rpc-common/src/mg_rpc:/fwbuild-volumes/1.26/apps/gate/esp8266/build_contexts/build_ctx_565771772/libs/rpc-common/src/mg_rpc -v /fwbuild-volumes/1.26/apps/gate/esp8266/build_contexts/build_ctx_565771772/libs/pwm/src/esp8266:/fwbuild-volumes/1.26/apps/gate/esp8266/build_contexts/build_ctx_565771772/libs/pwm/src/esp8266 -v /fwbuild-volumes/1.26/apps/gate/esp8266/build_contexts/build_ctx_565771772/libs/ota-http-server/include:/fwbuild-volumes/1.26/apps/gate/esp8266/build_contexts/build_ctx_565771772/libs/ota-http-server/include -v /fwbuild-volumes/1.26/apps/gate/esp8266/build_contexts/build_ctx_565771772/libs/rpc-service-fs/include:/fwbuild-volumes/1.26/apps/gate/esp8266/build_contexts/build_ctx_565771772/libs/rpc-service-fs/include -v /fwbuild-volumes/1.26/apps/gate/esp8266/build_contexts/build_ctx_565771772/libs/rpc-service-gpio/include:/fwbuild-volumes/1.26/apps/gate/esp8266/build_contexts/build_ctx_565771772/libs/rpc-service-gpio/include -v /fwbuild-volumes/1.26/apps/gate/esp8266/build_contexts/build_ctx_565771772/libs/rpc-common/mjs_fs:/fwbuild-volumes/1.26/apps/gate/esp8266/build_contexts/build_ctx_565771772/libs/rpc-common/mjs_fs -v /fwbuild-volumes/1.26/apps/gate/esp8266/build_contexts/build_ctx_565771772/modules/mongoose-os:/fwbuild-volumes/1.26/apps/gate/esp8266/build_contexts/build_ctx_565771772/modules/mongoose-os -v /fwbuild-volumes/1.26/apps/gate/esp8266/build_contexts/build_ctx_565771772/libs/mqtt/src:/fwbuild-volumes/1.26/apps/gate/esp8266/build_contexts/build_ctx_565771772/libs/mqtt/src -v /fwbuild-volumes/1.26/apps/gate/esp8266/build_contexts/build_ctx_565771772/libs/sntp/src:/fwbuild-volumes/1.26/apps/gate/esp8266/build_contexts/build_ctx_565771772/libs/sntp/src -v /fwbuild-volumes/1.26/apps/gate/esp8266/build_contexts/build_ctx_565771772/modules/mjs_module:/fwbuild-volumes/1.26/apps/gate/esp8266/build_contexts/build_ctx_565771772/modules/mjs_module -v /fwbuild-volumes/1.26/apps/gate/esp8266/build_contexts/build_ctx_565771772/libs/atca/include:/fwbuild-volumes/1.26/apps/gate/esp8266/build_contexts/build_ctx_565771772/libs/atca/include -v /fwbuild-volumes/1.26/apps/gate/esp8266/build_contexts/build_ctx_565771772/fs:/fwbuild-volumes/1.26/apps/gate/esp8266/build_contexts/build_ctx_565771772/fs -v /fwbuild-volumes/1.26/apps/gate/esp8266/build_contexts/build_ctx_565771772/build:/fwbuild-volumes/1.26/apps/gate/esp8266/build_contexts/build_ctx_565771772/build -v /fwbuild-volumes/1.26/apps/gate/esp8266/build_contexts/build_ctx_565771772/libs/wifi/esp8266/src:/fwbuild-volumes/1.26/apps/gate/esp8266/build_contexts/build_ctx_565771772/libs/wifi/esp8266/src -v /fwbuild-volumes/1.26/apps/gate/esp8266/build_contexts/build_ctx_565771772/libs/wifi/include:/fwbuild-volumes/1.26/apps/gate/esp8266/build_contexts/build_ctx_565771772/libs/wifi/include -v /fwbuild-volumes/1.26/apps/gate/esp8266/build_contexts/build_ctx_565771772/libs/spi/include:/fwbuild-volumes/1.26/apps/gate/esp8266/build_contexts/build_ctx_565771772/libs/spi/include -v /fwbuild-volumes/1.26/apps/gate/esp8266/build_contexts/build_ctx_565771772/libs/mjs/fs:/fwbuild-volumes/1.26/apps/gate/esp8266/build_contexts/build_ctx_565771772/libs/mjs/fs -v /fwbuild-volumes/1.26/apps/gate/esp8266/build_contexts/build_ctx_565771772/libs/ca-bundle/fs:/fwbuild-volumes/1.26/apps/gate/esp8266/build_contexts/build_ctx_565771772/libs/ca-bundle/fs -v /fwbuild-volumes/1.26/apps/gate/esp8266/build_contexts/build_ctx_565771772/libs/mjs/esp8266/fs:/fwbuild-volumes/1.26/apps/gate/esp8266/build_contexts/build_ctx_565771772/libs/mjs/esp8266/fs -v /fwbuild-volumes/1.26/apps/gate/esp8266/build_contexts/build_ctx_565771772/libs/ca-bundle/src:/fwbuild-volumes/1.26/apps/gate/esp8266/build_contexts/build_ctx_565771772/libs/ca-bundle/src -v /fwbuild-volumes/1.26/apps/gate/esp8266/build_contexts/build_ctx_565771772/libs/pwm/src:/fwbuild-volumes/1.26/apps/gate/esp8266/build_contexts/build_ctx_565771772/libs/pwm/src -v /fwbuild-volumes/1.26/apps/gate/esp8266/build_contexts/build_ctx_565771772/libs/rpc-service-i2c/src:/fwbuild-volumes/1.26/apps/gate/esp8266/build_contexts/build_ctx_565771772/libs/rpc-service-i2c/src -v /fwbuild-volumes/1.26/apps/gate/esp8266/build_contexts/build_ctx_565771772/libs/spi/src/common_gpio:/fwbuild-volumes/1.26/apps/gate/esp8266/build_contexts/build_ctx_565771772/libs/spi/src/common_gpio -v /fwbuild-volumes/1.26/apps/gate/esp8266/build_contexts/build_ctx_565771772/libs/mjs/esp8266/src:/fwbuild-volumes/1.26/apps/gate/esp8266/build_contexts/build_ctx_565771772/libs/mjs/esp8266/src -v /fwbuild-volumes/1.26/apps/gate/esp8266/build_contexts/build_ctx_565771772/libs/http-server/include:/fwbuild-volumes/1.26/apps/gate/esp8266/build_contexts/build_ctx_565771772/libs/http-server/include -v /fwbuild-volumes/1.26/apps/gate/esp8266/build_contexts/build_ctx_565771772/libs/spi/mjs_fs:/fwbuild-volumes/1.26/apps/gate/esp8266/build_contexts/build_ctx_565771772/libs/spi/mjs_fs -v /fwbuild-volumes/1.26/apps/gate/esp8266/build_contexts/build_ctx_565771772/libs/dns-sd/src:/fwbuild-volumes/1.26/apps/gate/esp8266/build_contexts/build_ctx_565771772/libs/dns-sd/src -v /fwbuild-volumes/1.26/apps/gate/esp8266/build_contexts/build_ctx_565771772/libs/spi/src:/fwbuild-volumes/1.26/apps/gate/esp8266/build_contexts/build_ctx_565771772/libs/spi/src -v /fwbuild-volumes/1.26/apps/gate/esp8266/build_contexts/build_ctx_565771772/libs/js-demo-bundle/src:/fwbuild-volumes/1.26/apps/gate/esp8266/build_contexts/build_ctx_565771772/libs/js-demo-bundle/src -v /fwbuild-volumes/1.26/apps/gate/esp8266/build_contexts/build_ctx_565771772/libs/i2c/include:/fwbuild-volumes/1.26/apps/gate/esp8266/build_contexts/build_ctx_565771772/libs/i2c/include -v /fwbuild-volumes/1.26/apps/gate/esp8266/build_contexts/build_ctx_565771772/libs/shadow/include:/fwbuild-volumes/1.26/apps/gate/esp8266/build_contexts/build_ctx_565771772/libs/shadow/include -v /fwbuild-volumes/1.26/apps/gate/esp8266/build_contexts/build_ctx_565771772/libs/rpc-loopback/include:/fwbuild-volumes/1.26/apps/gate/esp8266/build_contexts/build_ctx_565771772/libs/rpc-loopback/include -v /fwbuild-volumes/1.26/apps/gate/esp8266/build_contexts/build_ctx_565771772/libs/adc/include:/fwbuild-volumes/1.26/apps/gate/esp8266/build_contexts/build_ctx_565771772/libs/adc/include -v /fwbuild-volumes/1.26/apps/gate/esp8266/build_contexts/build_ctx_565771772/libs/rpc-common/include/mg_rpc:/fwbuild-volumes/1.26/apps/gate/esp8266/build_contexts/build_ctx_565771772/libs/rpc-common/include/mg_rpc -v /fwbuild-volumes/1.26/apps/gate/esp8266/build_contexts/build_ctx_565771772/libs/gcp/include:/fwbuild-volumes/1.26/apps/gate/esp8266/build_contexts/build_ctx_565771772/libs/gcp/include -v /fwbuild-volumes/1.26/apps/gate/esp8266/build_contexts/build_ctx_565771772/libs/ota-http-client/mjs_fs:/fwbuild-volumes/1.26/apps/gate/esp8266/build_contexts/build_ctx_565771772/libs/ota-http-client/mjs_fs -v /fwbuild-volumes/1.26/apps/gate/esp8266/build_contexts/build_ctx_565771772/libs/sntp/include:/fwbuild-volumes/1.26/apps/gate/esp8266/build_contexts/build_ctx_565771772/libs/sntp/include -v /fwbuild-volumes/1.26/apps/gate/esp8266/build_contexts/build_ctx_565771772/libs/gcp/src:/fwbuild-volumes/1.26/apps/gate/esp8266/build_contexts/build_ctx_565771772/libs/gcp/src -v /fwbuild-volumes/1.26/apps/gate/esp8266/build_contexts/build_ctx_565771772/libs/rpc-mqtt/src:/fwbuild-volumes/1.26/apps/gate/esp8266/build_contexts/build_ctx_565771772/libs/rpc-mqtt/src -v /fwbuild-volumes/1.26/apps/gate/esp8266/build_contexts/build_ctx_565771772/libs/rpc-service-wifi/src:/fwbuild-volumes/1.26/apps/gate/esp8266/build_contexts/build_ctx_565771772/libs/rpc-service-wifi/src -v /fwbuild-volumes/1.26/apps/gate/esp8266/build_contexts/build_ctx_565771772/libs/rpc-uart/src:/fwbuild-volumes/1.26/apps/gate/esp8266/build_contexts/build_ctx_565771772/libs/rpc-uart/src -v /fwbuild-volumes/1.26/apps/gate/esp8266/build_contexts/build_ctx_565771772/libs/mjs/src:/fwbuild-volumes/1.26/apps/gate/esp8266/build_contexts/build_ctx_565771772/libs/mjs/src -v /fwbuild-volumes/1.26/apps/gate/esp8266/build_contexts/build_ctx_565771772/libs/rpc-common/include:/fwbuild-volumes/1.26/apps/gate/esp8266/build_contexts/build_ctx_565771772/libs/rpc-common/include -v /fwbuild-volumes/1.26/apps/gate/esp8266/build_contexts/build_ctx_565771772:/app -v /fwbuild-volumes/1.26/apps/gate/esp8266/build_contexts/build_ctx_565771772/modules/mongoose-os:/mongoose-os -v /fwbuild-volumes/1.26/apps/gate/esp8266/build_contexts/build_ctx_565771772/src:/fwbuild-volumes/1.26/apps/gate/esp8266/build_contexts/build_ctx_565771772/src -v /fwbuild-volumes/1.26/apps/gate/esp8266/build_contexts/build_ctx_565771772/libs/i2c/src/common_gpio:/fwbuild-volumes/1.26/apps/gate/esp8266/build_contexts/build_ctx_565771772/libs/i2c/src/common_gpio -v /fwbuild-volumes/1.26/apps/gate/esp8266/build_contexts/build_ctx_565771772/libs/rpc-service-ota/include:/fwbuild-volumes/1.26/apps/gate/esp8266/build_contexts/build_ctx_565771772/libs/rpc-service-ota/include -v /fwbuild-volumes/1.26/apps/gate/esp8266/build_contexts/build_ctx_565771772/libs/mqtt/mjs_fs:/fwbuild-volumes/1.26/apps/gate/esp8266/build_contexts/build_ctx_565771772/libs/mqtt/mjs_fs -v /fwbuild-volumes/1.26/apps/gate/esp8266/build_contexts/build_ctx_565771772/libs/mqtt/include:/fwbuild-volumes/1.26/apps/gate/esp8266/build_contexts/build_ctx_565771772/libs/mqtt/include -v /fwbuild-volumes/1.26/apps/gate/esp8266/build_contexts/build_ctx_565771772/libs/aws/include:/fwbuild-volumes/1.26/apps/gate/esp8266/build_contexts/build_ctx_565771772/libs/aws/include -v /fwbuild-volumes/1.26/apps/gate/esp8266/build_contexts/build_ctx_565771772/libs/rpc-mqtt/include:/fwbuild-volumes/1.26/apps/gate/esp8266/build_contexts/build_ctx_565771772/libs/rpc-mqtt/include -v /fwbuild-volumes/1.26/apps/gate/esp8266/build_contexts/build_ctx_565771772/libs/mjs/include:/fwbuild-volumes/1.26/apps/gate/esp8266/build_contexts/build_ctx_565771772/libs/mjs/include -v /fwbuild-volumes/1.26/apps/gate/esp8266/build_contexts/build_ctx_565771772/libs/shadow/mjs_fs:/fwbuild-volumes/1.26/apps/gate/esp8266/build_contexts/build_ctx_565771772/libs/shadow/mjs_fs -v /fwbuild-volumes/1.26/apps/gate/esp8266/build_contexts/build_ctx_565771772/libs/rpc-service-fs/src:/fwbuild-volumes/1.26/apps/gate/esp8266/build_contexts/build_ctx_565771772/libs/rpc-service-fs/src -v /fwbuild-volumes/1.26/apps/gate/esp8266/build_contexts/build_ctx_565771772/libs/rpc-service-gpio/src:/fwbuild-volumes/1.26/apps/gate/esp8266/build_contexts/build_ctx_565771772/libs/rpc-service-gpio/src -v /fwbuild-volumes/1.26/apps/gate/esp8266/build_contexts/build_ctx_565771772/libs/ota-http-client/include:/fwbuild-volumes/1.26/apps/gate/esp8266/build_contexts/build_ctx_565771772/libs/ota-http-client/include -v /fwbuild-volumes/1.26/apps/gate/esp8266/build_contexts/build_ctx_565771772/libs/pwm/include:/fwbuild-volumes/1.26/apps/gate/esp8266/build_contexts/build_ctx_565771772/libs/pwm/include -v /fwbuild-volumes/1.26/apps/gate/esp8266/build_contexts/build_ctx_565771772/libs/ota-http-server/lib/esp8266:/fwbuild-volumes/1.26/apps/gate/esp8266/build_contexts/build_ctx_565771772/libs/ota-http-server/lib/esp8266 -v /fwbuild-volumes/1.26/apps/gate/esp8266/build_contexts/build_ctx_565771772/libs/rpc-service-ota/lib/esp8266:/fwbuild-volumes/1.26/apps/gate/esp8266/build_contexts/build_ctx_565771772/libs/rpc-service-ota/lib/esp8266 -v /fwbuild-volumes/1.26/apps/gate/esp8266/build_contexts/build_ctx_565771772/libs/rpc-service-config/include:/fwbuild-volumes/1.26/apps/gate/esp8266/build_contexts/build_ctx_565771772/libs/rpc-service-config/include -v /fwbuild-volumes/1.26/apps/gate/esp8266/build_contexts/build_ctx_565771772/libs/rpc-service-i2c/include:/fwbuild-volumes/1.26/apps/gate/esp8266/build_contexts/build_ctx_565771772/libs/rpc-service-i2c/include -v /fwbuild-volumes/1.26/apps/gate/esp8266/build_contexts/build_ctx_565771772/libs/dht/src:/fwbuild-volumes/1.26/apps/gate/esp8266/build_contexts/build_ctx_565771772/libs/dht/src -v /fwbuild-volumes/1.26/apps/gate/esp8266/build_contexts/build_ctx_565771772/libs/wifi/src:/fwbuild-volumes/1.26/apps/gate/esp8266/build_contexts/build_ctx_565771772/libs/wifi/src -v /fwbuild-volumes/1.26/apps/gate/esp8266/build_contexts/build_ctx_565771772/libs/rpc-loopback/src:/fwbuild-volumes/1.26/apps/gate/esp8266/build_contexts/build_ctx_565771772/libs/rpc-loopback/src -v /fwbuild-volumes/1.26/apps/gate/esp8266/build_contexts/build_ctx_565771772/libs/rpc-service-config/src:/fwbuild-volumes/1.26/apps/gate/esp8266/build_contexts/build_ctx_565771772/libs/rpc-service-config/src -v /fwbuild-volumes/1.26/apps/gate/esp8266/build_contexts/build_ctx_565771772/libs/vfs-dev-spi-flash/src:/fwbuild-volumes/1.26/apps/gate/esp8266/build_contexts/build_ctx_565771772/libs/vfs-dev-spi-flash/src -v /fwbuild-volumes/1.26/apps/gate/esp8266/build_contexts/build_ctx_565771772/libs/dns-sd/include:/fwbuild-volumes/1.26/apps/gate/esp8266/build_contexts/build_ctx_565771772/libs/dns-sd/include -v /fwbuild-volumes/1.26/apps/gate/esp8266/build_contexts/build_ctx_565771772/libs/vfs-dev-spi-flash/include:/fwbuild-volumes/1.26/apps/gate/esp8266/build_contexts/build_ctx_565771772/libs/vfs-dev-spi-flash/include --user 0:0 docker.cesanta.com/esp8266-build:2.1.0-1.5.0-r10 /bin/bash -c nice make '-j' '16' '-C' '/app' '-f' '/mongoose-os/fw/platforms/esp8266/Makefile.build' 'all' 'MGOS_HAVE_DASH=1' 'MGOS_HAVE_RPC_SERVICE_GPIO=1' 'MGOS_HAVE_ATCA=1' 'APP_VERSION=1.0' 'MGOS_HAVE_RPC_UART=1' 'MGOS_HAVE_WIFI=1' 'PLATFORM=esp8266' 'MGOS_HAVE_OTA_HTTP_SERVER=1' 'MGOS_HAVE_OTA_SHADOW=1' 'MGOS_HAVE_MQTT=1' 'MGOS_HAVE_PWM=1' 'MGOS_ENABLE_SPI_GPIO=1' 'APP_BIN_LIBS=/fwbuild-volumes/1.26/apps/gate/esp8266/build_contexts/build_ctx_565771772/libs/ota-shadow/lib/esp8266/libota-shadow.a /fwbuild-volumes/1.26/apps/gate/esp8266/build_contexts/build_ctx_565771772/libs/dash/lib/esp8266/libdash.a /fwbuild-volumes/1.26/apps/gate/esp8266/build_contexts/build_ctx_565771772/libs/ota-http-client/lib/esp8266/libota-http-client.a /fwbuild-volumes/1.26/apps/gate/esp8266/build_contexts/build_ctx_565771772/libs/ota-http-server/lib/esp8266/libota-http-server.a /fwbuild-volumes/1.26/apps/gate/esp8266/build_contexts/build_ctx_565771772/libs/rpc-service-ota/lib/esp8266/librpc-service-ota.a' 'MGOS_PATH=/mongoose-os' 'MGOS_HAVE_RPC_LOOPBACK=1' 'MGOS_HAVE_RPC_SERVICE_ATCA=1' 'MGOS_HAVE_SHADOW=1' 'MGOS_HAVE_RPC_COMMON=1' 'MANIFEST_FINAL=/fwbuild-volumes/1.26/apps/gate/esp8266/build_contexts/build_ctx_565771772/build/gen/mos_final.yml' 'APP_CXXFLAGS=-DMGOS_HAVE_RPC_SERVICE_WIFI=1 -DMGOS_HAVE_VFS_DEV_SPI_FLASH=1 -DMGOS_ENABLE_FILE_UPLOAD=1 -DMGOS_HAVE_OTA_HTTP_CLIENT=1 -DMG_ENABLE_SNTP=1 -DMGOS_ENABLE_SYS_SERVICE=1 -DMGOS_HAVE_SNTP=1 -DMG_ENABLE_MQTT=1 -DMGOS_HAVE_GCP=1 -DMGOS_HAVE_OTA_SHADOW=1 -DMGOS_HAVE_SHADOW=1 -DMGOS_HAVE_PWM=1 -DMGOS_HAVE_RPC_SERVICE_OTA=1 -DMGOS_HAVE_SPI=1 -DMGOS_HAVE_DASH=1 -DMGOS_HAVE_CA_BUNDLE=1 -DMGOS_HAVE_RPC_SERVICE_I2C=1 -DMGOS_HAVE_MQTT=1 -DMGOS_HAVE_HTTP_SERVER=1 -DMGOS_ENABLE_RPC_CHANNEL_WS=1 -DMGOS_HAVE_RPC_COMMON=1 -DMGOS_HAVE_WIFI=1 -DMGOS_HAVE_JS_DEMO_BUNDLE=1 -DMGOS_HAVE_DHT=1 -DMGOS_HAVE_RPC_SERVICE_ATCA=1 -DMGOS_ENABLE_RPC_CHANNEL_HTTP=1 -DMGOS_HAVE_DEMO_BUNDLE=1 -DMGOS_HAVE_OTA_HTTP_SERVER=1 -DMGOS_HAVE_AWS=1 -DMGOS_ENABLE_TUNNEL=0 -DMGOS_HAVE_ADC=1 -DMGOS_HAVE_RPC_MQTT=1 -DMG_ENABLE_DNS_SERVER=1 -DMGOS_HAVE_RPC_UART=1 -DMGOS_HAVE_MJS=1 -DMGOS_HAVE_DNS_SD=1 -DMGOS_ENABLE_WEB_CONFIG=0 -DMGOS_HAVE_RPC_LOOPBACK=1 -DMGOS_HAVE_RPC_SERVICE_GPIO=1 -DMGOS_HAVE_RPC_SERVICE_CONFIG=1 -DMGOS_HAVE_ATCA=1 -DMGOS_WIFI_ENABLE_AP_STA=1 -DMGOS_HAVE_I2C=1 -DMGOS_HAVE_RPC_SERVICE_FS=1' 'MGOS_HAVE_OTA_HTTP_CLIENT=1' 'MGOS_ENABLE_UPDATER=1' 'MGOS_HAVE_AWS=1' 'MGOS_HAVE_SNTP=1' 'MGOS_HAVE_CA_BUNDLE=1' 'MGOS_HAVE_DHT=1' 'FW_DIR=build/fw' 'GEN_DIR=/fwbuild-volumes/1.26/apps/gate/esp8266/build_contexts/build_ctx_565771772/build/gen' 'MGOS_HAVE_SPI=1' 'APP_CFLAGS=-DMGOS_HAVE_ATCA=1 -DMGOS_WIFI_ENABLE_AP_STA=1 -DMGOS_HAVE_I2C=1 -DMGOS_HAVE_RPC_SERVICE_FS=1 -DMGOS_HAVE_RPC_SERVICE_WIFI=1 -DMG_ENABLE_MQTT=1 -DMGOS_HAVE_VFS_DEV_SPI_FLASH=1 -DMGOS_ENABLE_FILE_UPLOAD=1 -DMGOS_HAVE_OTA_HTTP_CLIENT=1 -DMG_ENABLE_SNTP=1 -DMGOS_ENABLE_SYS_SERVICE=1 -DMGOS_HAVE_SNTP=1 -DMGOS_HAVE_RPC_SERVICE_OTA=1 -DMGOS_HAVE_GCP=1 -DMGOS_HAVE_OTA_SHADOW=1 -DMGOS_HAVE_SHADOW=1 -DMGOS_HAVE_PWM=1 -DMGOS_HAVE_RPC_COMMON=1 -DMGOS_HAVE_SPI=1 -DMGOS_HAVE_DASH=1 -DMGOS_HAVE_CA_BUNDLE=1 -DMGOS_HAVE_RPC_SERVICE_I2C=1 -DMGOS_HAVE_MQTT=1 -DMGOS_HAVE_HTTP_SERVER=1 -DMGOS_ENABLE_RPC_CHANNEL_WS=1 -DMGOS_HAVE_AWS=1 -DMGOS_HAVE_WIFI=1 -DMGOS_HAVE_JS_DEMO_BUNDLE=1 -DMGOS_HAVE_DHT=1 -DMGOS_HAVE_RPC_SERVICE_ATCA=1 -DMGOS_ENABLE_RPC_CHANNEL_HTTP=1 -DMGOS_HAVE_DEMO_BUNDLE=1 -DMGOS_HAVE_OTA_HTTP_SERVER=1 -DMGOS_HAVE_RPC_UART=1 -DMGOS_ENABLE_TUNNEL=0 -DMGOS_HAVE_ADC=1 -DMGOS_HAVE_RPC_MQTT=1 -DMG_ENABLE_DNS_SERVER=1 -DMGOS_HAVE_RPC_SERVICE_CONFIG=1 -DMGOS_HAVE_MJS=1 -DMGOS_HAVE_DNS_SD=1 -DMGOS_ENABLE_WEB_CONFIG=0 -DMGOS_HAVE_RPC_LOOPBACK=1 -DMGOS_HAVE_RPC_SERVICE_GPIO=1' 'MGOS_HAVE_RPC_MQTT=1' 'MGOS_HAVE_MJS=1' 'FFI_SYMBOLS=' 'APP=gate' 'MGOS_HAVE_ADC=1' 'MGOS_HAVE_DEMO_BUNDLE=1' 'MGOS_ENABLE_I2C_GPIO=1' 'MGOS_HAVE_RPC_SERVICE_OTA=1' 'MGOS_HAVE_JS_DEMO_BUNDLE=1' 'MGOS_HAVE_RPC_SERVICE_FS=1' 'APP_INCLUDES=/fwbuild-volumes/1.26/apps/gate/esp8266/build_contexts/build_ctx_565771772/libs/adc/include /fwbuild-volumes/1.26/apps/gate/esp8266/build_contexts/build_ctx_565771772/libs/adc/esp8266/include /fwbuild-volumes/1.26/apps/gate/esp8266/build_contexts/build_ctx_565771772/libs/dht/include /fwbuild-volumes/1.26/apps/gate/esp8266/build_contexts/build_ctx_565771772/libs/i2c/include /fwbuild-volumes/1.26/apps/gate/esp8266/build_contexts/build_ctx_565771772/libs/atca/include /fwbuild-volumes/1.26/apps/gate/esp8266/build_contexts/build_ctx_565771772/libs/mqtt/include /fwbuild-volumes/1.26/apps/gate/esp8266/build_contexts/build_ctx_565771772/libs/shadow/include /fwbuild-volumes/1.26/apps/gate/esp8266/build_contexts/build_ctx_565771772/libs/aws/include /fwbuild-volumes/1.26/apps/gate/esp8266/build_contexts/build_ctx_565771772/libs/wifi/include /fwbuild-volumes/1.26/apps/gate/esp8266/build_contexts/build_ctx_565771772/libs/http-server/include /fwbuild-volumes/1.26/apps/gate/esp8266/build_contexts/build_ctx_565771772/libs/rpc-common/include/mg_rpc /fwbuild-volumes/1.26/apps/gate/esp8266/build_contexts/build_ctx_565771772/libs/rpc-common/include /fwbuild-volumes/1.26/apps/gate/esp8266/build_contexts/build_ctx_565771772/libs/dash/include /fwbuild-volumes/1.26/apps/gate/esp8266/build_contexts/build_ctx_565771772/libs/dns-sd/include /fwbuild-volumes/1.26/apps/gate/esp8266/build_contexts/build_ctx_565771772/libs/gcp/include /fwbuild-volumes/1.26/apps/gate/esp8266/build_contexts/build_ctx_565771772/libs/ota-http-client/include /fwbuild-volumes/1.26/apps/gate/esp8266/build_contexts/build_ctx_565771772/libs/ota-http-server/include /fwbuild-volumes/1.26/apps/gate/esp8266/build_contexts/build_ctx_565771772/libs/pwm/include /fwbuild-volumes/1.26/apps/gate/esp8266/build_contexts/build_ctx_565771772/libs/rpc-loopback/include /fwbuild-volumes/1.26/apps/gate/esp8266/build_contexts/build_ctx_565771772/libs/rpc-mqtt/include /fwbuild-volumes/1.26/apps/gate/esp8266/build_contexts/build_ctx_565771772/libs/rpc-service-config/include /fwbuild-volumes/1.26/apps/gate/esp8266/build_contexts/build_ctx_565771772/libs/rpc-service-fs/include /fwbuild-volumes/1.26/apps/gate/esp8266/build_contexts/build_ctx_565771772/libs/rpc-service-gpio/include /fwbuild-volumes/1.26/apps/gate/esp8266/build_contexts/build_ctx_565771772/libs/rpc-service-i2c/include /fwbuild-volumes/1.26/apps/gate/esp8266/build_contexts/build_ctx_565771772/libs/rpc-service-ota/include /fwbuild-volumes/1.26/apps/gate/esp8266/build_contexts/build_ctx_565771772/libs/rpc-uart/include /fwbuild-volumes/1.26/apps/gate/esp8266/build_contexts/build_ctx_565771772/libs/sntp/include /fwbuild-volumes/1.26/apps/gate/esp8266/build_contexts/build_ctx_565771772/libs/spi/include /fwbuild-volumes/1.26/apps/gate/esp8266/build_contexts/build_ctx_565771772/libs/vfs-dev-spi-flash/include /fwbuild-volumes/1.26/apps/gate/esp8266/build_contexts/build_ctx_565771772/libs/mjs/include' 'MGOS_HAVE_HTTP_SERVER=1' 'MGOS_HAVE_DNS_SD=1' 'MGOS_HAVE_GCP=1' 'MGOS_HAVE_RPC_SERVICE_I2C=1' 'BUILD_DIR=/fwbuild-volumes/1.26/apps/gate/esp8266/build_contexts/build_ctx_565771772/build/objs' 'FS_STAGING_DIR=build/fs' 'MGOS_HAVE_I2C=1' 'MGOS_HAVE_RPC_SERVICE_WIFI=1' 'APP_CONF_SCHEMA=/fwbuild-volumes/1.26/apps/gate/esp8266/build_contexts/build_ctx_565771772/build/gen/mos_conf_schema.yml' 'MGOS_HAVE_VFS_DEV_SPI_FLASH=1' 'MGOS_WIFI_ENABLE_AP_STA=1' 'APP_SOURCES=/fwbuild-volumes/1.26/apps/gate/esp8266/build_contexts/build_ctx_565771772/src/main.c /fwbuild-volumes/1.26/apps/gate/esp8266/build_contexts/build_ctx_565771772/build/gen/deps_init.c /fwbuild-volumes/1.26/apps/gate/esp8266/build_contexts/build_ctx_565771772/libs/adc/esp8266/src/esp_adc.c /fwbuild-volumes/1.26/apps/gate/esp8266/build_contexts/build_ctx_565771772/libs/ca-bundle/src/mgos_ca_bundle.c /fwbuild-volumes/1.26/apps/gate/esp8266/build_contexts/build_ctx_565771772/libs/dht/src/mgos_dht.c /fwbuild-volumes/1.26/apps/gate/esp8266/build_contexts/build_ctx_565771772/libs/i2c/src/mgos_i2c.c /fwbuild-volumes/1.26/apps/gate/esp8266/build_contexts/build_ctx_565771772/libs/i2c/src/common_gpio/mgos_i2c_gpio.c /fwbuild-volumes/1.26/apps/gate/esp8266/build_contexts/build_ctx_565771772/libs/atca/src/mgos_atca.c /fwbuild-volumes/1.26/apps/gate/esp8266/build_contexts/build_ctx_565771772/libs/mqtt/src/mgos_mqtt.c /fwbuild-volumes/1.26/apps/gate/esp8266/build_contexts/build_ctx_565771772/libs/shadow/src/mgos_shadow.c /fwbuild-volumes/1.26/apps/gate/esp8266/build_contexts/build_ctx_565771772/libs/aws/src/mgos_aws.c /fwbuild-volumes/1.26/apps/gate/esp8266/build_contexts/build_ctx_565771772/libs/aws/src/mgos_aws_greengrass.c /fwbuild-volumes/1.26/apps/gate/esp8266/build_contexts/build_ctx_565771772/libs/aws/src/mgos_aws_shadow.c /fwbuild-volumes/1.26/apps/gate/esp8266/build_contexts/build_ctx_565771772/libs/wifi/src/mgos_wifi.c /fwbuild-volumes/1.26/apps/gate/esp8266/build_contexts/build_ctx_565771772/libs/wifi/src/mjs_wifi.c /fwbuild-volumes/1.26/apps/gate/esp8266/build_contexts/build_ctx_565771772/libs/wifi/esp8266/src/esp_wifi.c /fwbuild-volumes/1.26/apps/gate/esp8266/build_contexts/build_ctx_565771772/libs/http-server/src/mgos_http_server.c /fwbuild-volumes/1.26/apps/gate/esp8266/build_contexts/build_ctx_565771772/libs/rpc-common/src/mg_rpc/mg_rpc.c /fwbuild-volumes/1.26/apps/gate/esp8266/build_contexts/build_ctx_565771772/libs/rpc-common/src/mg_rpc/mg_rpc_channel.c /fwbuild-volumes/1.26/apps/gate/esp8266/build_contexts/build_ctx_565771772/libs/rpc-common/src/mg_rpc/mg_rpc_channel_http.c /fwbuild-volumes/1.26/apps/gate/esp8266/build_contexts/build_ctx_565771772/libs/rpc-common/src/mg_rpc/mg_rpc_channel_ws.c /fwbuild-volumes/1.26/apps/gate/esp8266/build_contexts/build_ctx_565771772/libs/rpc-common/src/mgos_rpc.c /fwbuild-volumes/1.26/apps/gate/esp8266/build_contexts/build_ctx_565771772/libs/dns-sd/src/mgos_dns_sd.c /fwbuild-volumes/1.26/apps/gate/esp8266/build_contexts/build_ctx_565771772/libs/gcp/src/mgos_gcp.c /fwbuild-volumes/1.26/apps/gate/esp8266/build_contexts/build_ctx_565771772/libs/pwm/src/mgos_pwm.c /fwbuild-volumes/1.26/apps/gate/esp8266/build_contexts/build_ctx_565771772/libs/pwm/src/esp8266/esp_pwm.c /fwbuild-volumes/1.26/apps/gate/esp8266/build_contexts/build_ctx_565771772/libs/rpc-loopback/src/mg_rpc_channel_loopback.c /fwbuild-volumes/1.26/apps/gate/esp8266/build_contexts/build_ctx_565771772/libs/rpc-mqtt/src/mgos_rpc_channel_mqtt.c /fwbuild-volumes/1.26/apps/gate/esp8266/build_contexts/build_ctx_565771772/libs/rpc-service-atca/src/mgos_atca_service.c /fwbuild-volumes/1.26/apps/gate/esp8266/build_contexts/build_ctx_565771772/libs/rpc-service-config/src/mgos_service_config.c /fwbuild-volumes/1.26/apps/gate/esp8266/build_contexts/build_ctx_565771772/libs/rpc-service-fs/src/mgos_service_filesystem.c /fwbuild-volumes/1.26/apps/gate/esp8266/build_contexts/build_ctx_565771772/libs/rpc-service-gpio/src/mgos_gpio_service.c /fwbuild-volumes/1.26/apps/gate/esp8266/build_contexts/build_ctx_565771772/libs/rpc-service-i2c/src/mgos_i2c_service.c /fwbuild-volumes/1.26/apps/gate/esp8266/build_contexts/build_ctx_565771772/libs/rpc-service-wifi/src/mgos_rpc_service_wifi.c /fwbuild-volumes/1.26/apps/gate/esp8266/build_contexts/build_ctx_565771772/libs/rpc-uart/src/mgos_rpc_channel_uart.c /fwbuild-volumes/1.26/apps/gate/esp8266/build_contexts/build_ctx_565771772/libs/sntp/src/mgos_sntp.c /fwbuild-volumes/1.26/apps/gate/esp8266/build_contexts/build_ctx_565771772/libs/spi/src/mgos_spi.c /fwbuild-volumes/1.26/apps/gate/esp8266/build_contexts/build_ctx_565771772/libs/spi/src/mgos_spi_mjs.c /fwbuild-volumes/1.26/apps/gate/esp8266/build_contexts/build_ctx_565771772/libs/spi/src/common_gpio/mgos_spi_gpio.c /fwbuild-volumes/1.26/apps/gate/esp8266/build_contexts/build_ctx_565771772/libs/vfs-dev-spi-flash/src/mgos_vfs_dev_spi_flash.c /fwbuild-volumes/1.26/apps/gate/esp8266/build_contexts/build_ctx_565771772/libs/demo-bundle/src/mgos_demo_bundle.c /fwbuild-volumes/1.26/apps/gate/esp8266/build_contexts/build_ctx_565771772/libs/mjs/src/mos_mjs.c /fwbuild-volumes/1.26/apps/gate/esp8266/build_contexts/build_ctx_565771772/modules/mjs_module/mjs.c /fwbuild-volumes/1.26/apps/gate/esp8266/build_contexts/build_ctx_565771772/libs/mjs/esp8266/src/esp8266_mjs.c /fwbuild-volumes/1.26/apps/gate/esp8266/build_contexts/build_ctx_565771772/libs/js-demo-bundle/src/mgos_js_demo_bundle.c' 'APP_FS_FILES=/fwbuild-volumes/1.26/apps/gate/esp8266/build_contexts/build_ctx_565771772/libs/ca-bundle/fs/ca.pem /fwbuild-volumes/1.26/apps/gate/esp8266/build_contexts/build_ctx_565771772/libs/mjs/fs/api_bitbang.js /fwbuild-volumes/1.26/apps/gate/esp8266/build_contexts/build_ctx_565771772/libs/mjs/fs/api_config.js /fwbuild-volumes/1.26/apps/gate/esp8266/build_contexts/build_ctx_565771772/libs/mjs/fs/api_events.js /fwbuild-volumes/1.26/apps/gate/esp8266/build_contexts/build_ctx_565771772/libs/mjs/fs/api_gpio.js /fwbuild-volumes/1.26/apps/gate/esp8266/build_contexts/build_ctx_565771772/libs/mjs/fs/api_grove.js /fwbuild-volumes/1.26/apps/gate/esp8266/build_contexts/build_ctx_565771772/libs/mjs/fs/api_http.js /fwbuild-volumes/1.26/apps/gate/esp8266/build_contexts/build_ctx_565771772/libs/mjs/fs/api_log.js /fwbuild-volumes/1.26/apps/gate/esp8266/build_contexts/build_ctx_565771772/libs/mjs/fs/api_net.js /fwbuild-volumes/1.26/apps/gate/esp8266/build_contexts/build_ctx_565771772/libs/mjs/fs/api_sys.js /fwbuild-volumes/1.26/apps/gate/esp8266/build_contexts/build_ctx_565771772/libs/mjs/fs/api_timer.js /fwbuild-volumes/1.26/apps/gate/esp8266/build_contexts/build_ctx_565771772/libs/mjs/fs/api_uart.js /fwbuild-volumes/1.26/apps/gate/esp8266/build_contexts/build_ctx_565771772/libs/mjs/fs/init.js /fwbuild-volumes/1.26/apps/gate/esp8266/build_contexts/build_ctx_565771772/modules/mjs_module/mjs/lib/api_dataview.js /fwbuild-volumes/1.26/apps/gate/esp8266/build_contexts/build_ctx_565771772/modules/mjs_module/mjs/lib/api_file.js /fwbuild-volumes/1.26/apps/gate/esp8266/build_contexts/build_ctx_565771772/modules/mjs_module/mjs/lib/api_math.js /fwbuild-volumes/1.26/apps/gate/esp8266/build_contexts/build_ctx_565771772/libs/adc/mjs_fs/api_adc.js /fwbuild-volumes/1.26/apps/gate/esp8266/build_contexts/build_ctx_565771772/libs/dht/mjs_fs/api_dht.js /fwbuild-volumes/1.26/apps/gate/esp8266/build_contexts/build_ctx_565771772/libs/i2c/mjs_fs/api_i2c.js /fwbuild-volumes/1.26/apps/gate/esp8266/build_contexts/build_ctx_565771772/libs/mqtt/mjs_fs/api_mqtt.js /fwbuild-volumes/1.26/apps/gate/esp8266/build_contexts/build_ctx_565771772/libs/shadow/mjs_fs/api_shadow.js /fwbuild-volumes/1.26/apps/gate/esp8266/build_contexts/build_ctx_565771772/libs/aws/mjs_fs/api_aws.js /fwbuild-volumes/1.26/apps/gate/esp8266/build_contexts/build_ctx_565771772/libs/wifi/mjs_fs/api_wifi.js /fwbuild-volumes/1.26/apps/gate/esp8266/build_contexts/build_ctx_565771772/libs/rpc-common/mjs_fs/api_rpc.js /fwbuild-volumes/1.26/apps/gate/esp8266/build_contexts/build_ctx_565771772/libs/ota-http-client/mjs_fs/api_ota.js /fwbuild-volumes/1.26/apps/gate/esp8266/build_contexts/build_ctx_565771772/libs/pwm/mjs_fs/api_pwm.js /fwbuild-volumes/1.26/apps/gate/esp8266/build_contexts/build_ctx_565771772/libs/spi/mjs_fs/api_spi.js /fwbuild-volumes/1.26/apps/gate/esp8266/build_contexts/build_ctx_565771772/libs/mjs/esp8266/fs/api_arch_uart.js /fwbuild-volumes/1.26/apps/gate/esp8266/build_contexts/build_ctx_565771772/libs/mjs/esp8266/fs/api_esp8266.js /fwbuild-volumes/1.26/apps/gate/esp8266/build_contexts/build_ctx_565771772/fs/conf9.json /fwbuild-volumes/1.26/apps/gate/esp8266/build_contexts/build_ctx_565771772/fs/index.html /fwbuild-volumes/1.26/apps/gate/esp8266/build_contexts/build_ctx_565771772/fs/init.js' 'MGOS_ENABLE_MDNS=1' 'MGOS_HAVE_RPC_SERVICE_CONFIG=1'
make: Entering directory '/app'
  GEN   /fwbuild-volumes/1.26/apps/gate/esp8266/build_contexts/build_ctx_565771772/build/gen/ffi_exports.c
  CP    /fwbuild-volumes/1.26/apps/gate/esp8266/build_contexts/build_ctx_565771772/libs/ca-bundle/fs/ca.pem -> build/fs
  CP    /fwbuild-volumes/1.26/apps/gate/esp8266/build_contexts/build_ctx_565771772/libs/mjs/fs/api_bitbang.js -> build/fs
  CP    /fwbuild-volumes/1.26/apps/gate/esp8266/build_contexts/build_ctx_565771772/libs/mjs/fs/api_config.js -> build/fs
  CP    /fwbuild-volumes/1.26/apps/gate/esp8266/build_contexts/build_ctx_565771772/libs/mjs/fs/api_events.js -> build/fs
  CP    /fwbuild-volumes/1.26/apps/gate/esp8266/build_contexts/build_ctx_565771772/libs/mjs/fs/api_gpio.js -> build/fs
  CP    /fwbuild-volumes/1.26/apps/gate/esp8266/build_contexts/build_ctx_565771772/libs/mjs/fs/api_grove.js -> build/fs
  CP    /fwbuild-volumes/1.26/apps/gate/esp8266/build_contexts/build_ctx_565771772/libs/mjs/fs/api_http.js -> build/fs
  CP    /fwbuild-volumes/1.26/apps/gate/esp8266/build_contexts/build_ctx_565771772/libs/mjs/fs/api_log.js -> build/fs
  CP    /fwbuild-volumes/1.26/apps/gate/esp8266/build_contexts/build_ctx_565771772/libs/mjs/fs/api_net.js -> build/fs
  CP    /fwbuild-volumes/1.26/apps/gate/esp8266/build_contexts/build_ctx_565771772/libs/mjs/fs/api_sys.js -> build/fs
  CP    /fwbuild-volumes/1.26/apps/gate/esp8266/build_contexts/build_ctx_565771772/libs/mjs/fs/api_timer.js -> build/fs
  CP    /fwbuild-volumes/1.26/apps/gate/esp8266/build_contexts/build_ctx_565771772/libs/mjs/fs/api_uart.js -> build/fs
  CP    /fwbuild-volumes/1.26/apps/gate/esp8266/build_contexts/build_ctx_565771772/libs/mjs/fs/init.js -> build/fs
  CP    /fwbuild-volumes/1.26/apps/gate/esp8266/build_contexts/build_ctx_565771772/modules/mjs_module/mjs/lib/api_dataview.js -> build/fs
  CP    /fwbuild-volumes/1.26/apps/gate/esp8266/build_contexts/build_ctx_565771772/modules/mjs_module/mjs/lib/api_file.js -> build/fs
  CP    /fwbuild-volumes/1.26/apps/gate/esp8266/build_contexts/build_ctx_565771772/modules/mjs_module/mjs/lib/api_math.js -> build/fs
  CP    /fwbuild-volumes/1.26/apps/gate/esp8266/build_contexts/build_ctx_565771772/libs/adc/mjs_fs/api_adc.js -> build/fs
  CP    /fwbuild-volumes/1.26/apps/gate/esp8266/build_contexts/build_ctx_565771772/libs/dht/mjs_fs/api_dht.js -> build/fs
  CP    /fwbuild-volumes/1.26/apps/gate/esp8266/build_contexts/build_ctx_565771772/libs/i2c/mjs_fs/api_i2c.js -> build/fs
  CP    /fwbuild-volumes/1.26/apps/gate/esp8266/build_contexts/build_ctx_565771772/libs/mqtt/mjs_fs/api_mqtt.js -> build/fs
  CP    /fwbuild-volumes/1.26/apps/gate/esp8266/build_contexts/build_ctx_565771772/libs/shadow/mjs_fs/api_shadow.js -> build/fs
  CP    /fwbuild-volumes/1.26/apps/gate/esp8266/build_contexts/build_ctx_565771772/libs/aws/mjs_fs/api_aws.js -> build/fs
  CP    /fwbuild-volumes/1.26/apps/gate/esp8266/build_contexts/build_ctx_565771772/libs/wifi/mjs_fs/api_wifi.js -> build/fs
  CP    /fwbuild-volumes/1.26/apps/gate/esp8266/build_contexts/build_ctx_565771772/libs/rpc-common/mjs_fs/api_rpc.js -> build/fs
  CP    /fwbuild-volumes/1.26/apps/gate/esp8266/build_contexts/build_ctx_565771772/libs/ota-http-client/mjs_fs/api_ota.js -> build/fs
  CP    /fwbuild-volumes/1.26/apps/gate/esp8266/build_contexts/build_ctx_565771772/libs/pwm/mjs_fs/api_pwm.js -> build/fs
  CP    /fwbuild-volumes/1.26/apps/gate/esp8266/build_contexts/build_ctx_565771772/libs/spi/mjs_fs/api_spi.js -> build/fs
  CP    /fwbuild-volumes/1.26/apps/gate/esp8266/build_contexts/build_ctx_565771772/libs/mjs/esp8266/fs/api_arch_uart.js -> build/fs
  CP    /fwbuild-volumes/1.26/apps/gate/esp8266/build_contexts/build_ctx_565771772/libs/mjs/esp8266/fs/api_esp8266.js -> build/fs
  CP    /fwbuild-volumes/1.26/apps/gate/esp8266/build_contexts/build_ctx_565771772/fs/conf9.json -> build/fs
  CP    /fwbuild-volumes/1.26/apps/gate/esp8266/build_contexts/build_ctx_565771772/fs/index.html -> build/fs
  CP    /fwbuild-volumes/1.26/apps/gate/esp8266/build_contexts/build_ctx_565771772/fs/init.js -> build/fs
  CP    /fwbuild-volumes/1.26/apps/gate/esp8266/build_contexts/build_ctx_565771772/build/gen/conf0.json -> build/fs
  MKFS  /usr/local/bin/mkspiffs8 262144 4096 256 4096 build/fs -> /fwbuild-volumes/1.26/apps/gate/esp8266/build_contexts/build_ctx_565771772/build/objs/fw_temp/fs.bin
     Adding api_file.js: 2105
     Adding ca.pem: 17334
     Adding conf0.json: 4279
     Adding api_math.js: 1890
     Adding api_esp8266.js: 231
     Adding api_dataview.js: 7433
     Adding api_wifi.js: 1020
     Adding api_ota.js: 278
     Adding api_grove.js: 2327
     Adding api_aws.js: 3624
     Adding api_http.js: 3812
     Adding api_bitbang.js: 815
     Adding index.html: 70
     Adding api_timer.js: 1736
     Adding api_pwm.js: 726
     Adding init.js: 2188
     Adding api_config.js: 2170
     Adding api_mqtt.js: 2766
     Adding api_spi.js: 3980
     Adding conf9.json: 382
     Adding api_shadow.js: 1678
     Adding api_sys.js: 1641
     Adding api_arch_uart.js: 651
     Adding api_gpio.js: 2731
     Adding api_log.js: 2005
     Adding api_dht.js: 1404
     Adding api_adc.js: 803
     Adding api_events.js: 3398
     Adding api_net.js: 5122
     Adding api_uart.js: 5772
     Adding api_i2c.js: 4884
     Adding api_rpc.js: 2741
     Image stats: size=262144, space: total=233681, used=103914, free=129767
  CC    /fwbuild-volumes/1.26/apps/gate/esp8266/build_contexts/build_ctx_565771772/build/gen/ffi_exports.c -> /fwbuild-volumes/1.26/apps/gate/esp8266/build_contexts/build_ctx_565771772/build/objs/ffi_exports.c.o
  LD    /fwbuild-volumes/1.26/apps/gate/esp8266/build_contexts/build_ctx_565771772/build/objs/gate.elf
  FW    /fwbuild-volumes/1.26/apps/gate/esp8266/build_contexts/build_ctx_565771772/build/objs/gate.elf -> /fwbuild-volumes/1.26/apps/gate/esp8266/build_contexts/build_ctx_565771772/build/objs/gate.bin
  Generating breakdown
  GEN    /fwbuild-volumes/1.26/apps/gate/esp8266/build_contexts/build_ctx_565771772/build/objs/fw_temp/manifest.json
  ZIP    /app/build/fw/gate-esp8266-last.zip
     Adding /fwbuild-volumes/1.26/apps/gate/esp8266/build_contexts/build_ctx_565771772/build/objs/fw_temp/esp_init_data_default_v08.bin
     Adding /fwbuild-volumes/1.26/apps/gate/esp8266/build_contexts/build_ctx_565771772/build/objs/fw_temp/fs.bin
     Adding /fwbuild-volumes/1.26/apps/gate/esp8266/build_contexts/build_ctx_565771772/build/objs/fw_temp/gate.bin
     Adding /fwbuild-volumes/1.26/apps/gate/esp8266/build_contexts/build_ctx_565771772/build/objs/fw_temp/rboot.bin
  Built gate/esp8266 version 1.0 (20180218-233821/???)
make: Leaving directory '/app'
Success, built gate/esp8266 version 1.0 (20180218-233821/???).
Firmware saved to build/fw.zip
